{"/home/josh/tl-vendor-plugin/admin/components/AccessKeyForm.js": {"path":"/home/josh/tl-vendor-plugin/admin/components/AccessKeyForm.js","statementMap":{"0":{"start":{"line":7,"column":22},"end":{"line":122,"column":1}},"1":{"start":{"line":8,"column":36},"end":{"line":8,"column":48}},"2":{"start":{"line":9,"column":23},"end":{"line":9,"column":36}},"3":{"start":{"line":12,"column":16},"end":{"line":14,"column":16}},"4":{"start":{"line":13,"column":4},"end":{"line":13,"column":78}},"5":{"start":{"line":16,"column":36},"end":{"line":16,"column":62}},"6":{"start":{"line":19,"column":22},"end":{"line":29,"column":13}},"7":{"start":{"line":20,"column":4},"end":{"line":22,"column":5}},"8":{"start":{"line":21,"column":6},"end":{"line":21,"column":16}},"9":{"start":{"line":23,"column":4},"end":{"line":28,"column":7}},"10":{"start":{"line":24,"column":6},"end":{"line":27,"column":8}},"11":{"start":{"line":32,"column":17},"end":{"line":42,"column":52}},"12":{"start":{"line":33,"column":4},"end":{"line":35,"column":5}},"13":{"start":{"line":34,"column":6},"end":{"line":34,"column":18}},"14":{"start":{"line":36,"column":20},"end":{"line":36,"column":52}},"15":{"start":{"line":37,"column":17},"end":{"line":37,"column":78}},"16":{"start":{"line":38,"column":4},"end":{"line":40,"column":5}},"17":{"start":{"line":39,"column":6},"end":{"line":39,"column":43}},"18":{"start":{"line":41,"column":4},"end":{"line":41,"column":18}},"19":{"start":{"line":44,"column":2},"end":{"line":48,"column":28}},"20":{"start":{"line":45,"column":4},"end":{"line":47,"column":5}},"21":{"start":{"line":46,"column":6},"end":{"line":46,"column":40}},"22":{"start":{"line":50,"column":2},"end":{"line":121,"column":4}},"23":{"start":{"line":78,"column":33},"end":{"line":78,"column":61}},"24":{"start":{"line":85,"column":22},"end":{"line":87,"column":31}},"25":{"start":{"line":100,"column":35},"end":{"line":100,"column":63}}},"fnMap":{"0":{"name":"(anonymous_0)","decl":{"start":{"line":7,"column":22},"end":{"line":7,"column":23}},"loc":{"start":{"line":7,"column":55},"end":{"line":122,"column":1}},"line":7},"1":{"name":"(anonymous_1)","decl":{"start":{"line":12,"column":24},"end":{"line":12,"column":25}},"loc":{"start":{"line":12,"column":30},"end":{"line":14,"column":3}},"line":12},"2":{"name":"(anonymous_2)","decl":{"start":{"line":19,"column":30},"end":{"line":19,"column":31}},"loc":{"start":{"line":19,"column":36},"end":{"line":29,"column":3}},"line":19},"3":{"name":"(anonymous_3)","decl":{"start":{"line":23,"column":21},"end":{"line":23,"column":22}},"loc":{"start":{"line":23,"column":28},"end":{"line":28,"column":5}},"line":23},"4":{"name":"(anonymous_4)","decl":{"start":{"line":32,"column":25},"end":{"line":32,"column":26}},"loc":{"start":{"line":32,"column":31},"end":{"line":42,"column":3}},"line":32},"5":{"name":"(anonymous_5)","decl":{"start":{"line":44,"column":12},"end":{"line":44,"column":13}},"loc":{"start":{"line":44,"column":18},"end":{"line":48,"column":3}},"line":44},"6":{"name":"(anonymous_6)","decl":{"start":{"line":78,"column":26},"end":{"line":78,"column":27}},"loc":{"start":{"line":78,"column":33},"end":{"line":78,"column":61}},"line":78},"7":{"name":"(anonymous_7)","decl":{"start":{"line":84,"column":37},"end":{"line":84,"column":38}},"loc":{"start":{"line":85,"column":22},"end":{"line":87,"column":31}},"line":85},"8":{"name":"(anonymous_8)","decl":{"start":{"line":100,"column":28},"end":{"line":100,"column":29}},"loc":{"start":{"line":100,"column":35},"end":{"line":100,"column":63}},"line":100}},"branchMap":{"0":{"loc":{"start":{"line":7,"column":25},"end":{"line":7,"column":48}},"type":"default-arg","locations":[{"start":{"line":7,"column":44},"end":{"line":7,"column":48}}],"line":7},"1":{"loc":{"start":{"line":13,"column":11},"end":{"line":13,"column":77}},"type":"cond-expr","locations":[{"start":{"line":13,"column":58},"end":{"line":13,"column":72}},{"start":{"line":13,"column":75},"end":{"line":13,"column":77}}],"line":13},"2":{"loc":{"start":{"line":13,"column":11},"end":{"line":13,"column":55}},"type":"binary-expr","locations":[{"start":{"line":13,"column":11},"end":{"line":13,"column":19}},{"start":{"line":13,"column":23},"end":{"line":13,"column":55}}],"line":13},"3":{"loc":{"start":{"line":20,"column":4},"end":{"line":22,"column":5}},"type":"if","locations":[{"start":{"line":20,"column":4},"end":{"line":22,"column":5}},{"start":{},"end":{}}],"line":20},"4":{"loc":{"start":{"line":33,"column":4},"end":{"line":35,"column":5}},"type":"if","locations":[{"start":{"line":33,"column":4},"end":{"line":35,"column":5}},{"start":{},"end":{}}],"line":33},"5":{"loc":{"start":{"line":33,"column":8},"end":{"line":33,"column":72}},"type":"binary-expr","locations":[{"start":{"line":33,"column":8},"end":{"line":33,"column":15}},{"start":{"line":33,"column":19},"end":{"line":33,"column":35}},{"start":{"line":33,"column":39},"end":{"line":33,"column":72}}],"line":33},"6":{"loc":{"start":{"line":37,"column":17},"end":{"line":37,"column":78}},"type":"cond-expr","locations":[{"start":{"line":37,"column":53},"end":{"line":37,"column":71}},{"start":{"line":37,"column":74},"end":{"line":37,"column":78}}],"line":37},"7":{"loc":{"start":{"line":38,"column":4},"end":{"line":40,"column":5}},"type":"if","locations":[{"start":{"line":38,"column":4},"end":{"line":40,"column":5}},{"start":{},"end":{}}],"line":38},"8":{"loc":{"start":{"line":45,"column":4},"end":{"line":47,"column":5}},"type":"if","locations":[{"start":{"line":45,"column":4},"end":{"line":47,"column":5}},{"start":{},"end":{}}],"line":45},"9":{"loc":{"start":{"line":70,"column":13},"end":{"line":92,"column":13}},"type":"cond-expr","locations":[{"start":{"line":71,"column":14},"end":{"line":71,"column":73}},{"start":{"line":73,"column":14},"end":{"line":91,"column":32}}],"line":70}},"s":{"0":3,"1":1,"2":1,"3":1,"4":1,"5":1,"6":1,"7":1,"8":0,"9":1,"10":1,"11":1,"12":1,"13":1,"14":0,"15":0,"16":0,"17":0,"18":0,"19":1,"20":1,"21":1,"22":1,"23":0,"24":0,"25":0},"f":{"0":1,"1":1,"2":1,"3":1,"4":1,"5":1,"6":0,"7":0,"8":0},"b":{"0":[0],"1":[1,0],"2":[1,1],"3":[0,1],"4":[1,0],"5":[1,1,0],"6":[0,0],"7":[0,0],"8":[1,0],"9":[1,0]},"_coverageSchema":"1a1c01bbd47fc00a2c39e90264f33305004495a9","hash":"f5b771668a56aca06fb57180be95035954cd43e2"}
,"/home/josh/tl-vendor-plugin/admin/components/Buttons.js": {"path":"/home/josh/tl-vendor-plugin/admin/components/Buttons.js","statementMap":{"0":{"start":{"line":1,"column":22},"end":{"line":5,"column":1}},"1":{"start":{"line":2,"column":2},"end":{"line":4,"column":11}},"2":{"start":{"line":7,"column":29},"end":{"line":14,"column":1}},"3":{"start":{"line":8,"column":2},"end":{"line":13,"column":11}},"4":{"start":{"line":15,"column":31},"end":{"line":22,"column":1}},"5":{"start":{"line":16,"column":2},"end":{"line":21,"column":11}},"6":{"start":{"line":24,"column":37},"end":{"line":36,"column":1}},"7":{"start":{"line":30,"column":2},"end":{"line":35,"column":8}}},"fnMap":{"0":{"name":"(anonymous_0)","decl":{"start":{"line":1,"column":22},"end":{"line":1,"column":23}},"loc":{"start":{"line":2,"column":2},"end":{"line":4,"column":11}},"line":2},"1":{"name":"(anonymous_1)","decl":{"start":{"line":7,"column":29},"end":{"line":7,"column":30}},"loc":{"start":{"line":8,"column":2},"end":{"line":13,"column":11}},"line":8},"2":{"name":"(anonymous_2)","decl":{"start":{"line":15,"column":31},"end":{"line":15,"column":32}},"loc":{"start":{"line":16,"column":2},"end":{"line":21,"column":11}},"line":16},"3":{"name":"(anonymous_3)","decl":{"start":{"line":24,"column":37},"end":{"line":24,"column":38}},"loc":{"start":{"line":30,"column":2},"end":{"line":35,"column":8}},"line":30}},"branchMap":{"0":{"loc":{"start":{"line":28,"column":2},"end":{"line":28,"column":23}},"type":"default-arg","locations":[{"start":{"line":28,"column":15},"end":{"line":28,"column":23}}],"line":28}},"s":{"0":3,"1":7,"2":3,"3":5,"4":3,"5":2,"6":3,"7":2},"f":{"0":7,"1":5,"2":2,"3":2},"b":{"0":[2]},"_coverageSchema":"1a1c01bbd47fc00a2c39e90264f33305004495a9","hash":"713dfa22e92d531e41279575df96d63182419cfe"}
,"/home/josh/tl-vendor-plugin/admin/components/GeneralSettings.js": {"path":"/home/josh/tl-vendor-plugin/admin/components/GeneralSettings.js","statementMap":{"0":{"start":{"line":6,"column":24},"end":{"line":24,"column":1}},"1":{"start":{"line":7,"column":2},"end":{"line":23,"column":4}}},"fnMap":{"0":{"name":"(anonymous_0)","decl":{"start":{"line":6,"column":24},"end":{"line":6,"column":25}},"loc":{"start":{"line":6,"column":30},"end":{"line":24,"column":1}},"line":6}},"branchMap":{},"s":{"0":2,"1":0},"f":{"0":0},"b":{},"_coverageSchema":"1a1c01bbd47fc00a2c39e90264f33305004495a9","hash":"0959ed419c39b0fcfb3855081fcd21bcae0e262b"}
,"/home/josh/tl-vendor-plugin/admin/components/IntegrationSettings.js": {"path":"/home/josh/tl-vendor-plugin/admin/components/IntegrationSettings.js","statementMap":{"0":{"start":{"line":6,"column":28},"end":{"line":21,"column":1}},"1":{"start":{"line":7,"column":2},"end":{"line":20,"column":4}}},"fnMap":{"0":{"name":"(anonymous_0)","decl":{"start":{"line":6,"column":28},"end":{"line":6,"column":29}},"loc":{"start":{"line":6,"column":34},"end":{"line":21,"column":1}},"line":6}},"branchMap":{},"s":{"0":2,"1":0},"f":{"0":0},"b":{},"_coverageSchema":"1a1c01bbd47fc00a2c39e90264f33305004495a9","hash":"6dd3a952f6c05e9326139568164dac2e7a8bd0b1"}
,"/home/josh/tl-vendor-plugin/admin/components/Layout.js": {"path":"/home/josh/tl-vendor-plugin/admin/components/Layout.js","statementMap":{"0":{"start":{"line":5,"column":22},"end":{"line":161,"column":1}},"1":{"start":{"line":6,"column":42},"end":{"line":6,"column":57}},"2":{"start":{"line":7,"column":46},"end":{"line":7,"column":61}},"3":{"start":{"line":8,"column":23},"end":{"line":8,"column":59}},"4":{"start":{"line":8,"column":29},"end":{"line":8,"column":59}},"5":{"start":{"line":9,"column":25},"end":{"line":9,"column":65}},"6":{"start":{"line":9,"column":31},"end":{"line":9,"column":65}},"7":{"start":{"line":10,"column":29},"end":{"line":10,"column":38}},"8":{"start":{"line":12,"column":2},"end":{"line":160,"column":4}},"9":{"start":{"line":127,"column":22},"end":{"line":127,"column":45}},"10":{"start":{"line":128,"column":22},"end":{"line":128,"column":49}},"11":{"start":{"line":163,"column":26},"end":{"line":213,"column":1}},"12":{"start":{"line":164,"column":22},"end":{"line":169,"column":14}},"13":{"start":{"line":165,"column":4},"end":{"line":167,"column":5}},"14":{"start":{"line":166,"column":6},"end":{"line":166,"column":41}},"15":{"start":{"line":168,"column":4},"end":{"line":168,"column":14}},"16":{"start":{"line":172,"column":4},"end":{"line":174,"column":5}},"17":{"start":{"line":173,"column":6},"end":{"line":173,"column":36}},"18":{"start":{"line":177,"column":2},"end":{"line":212,"column":4}},"19":{"start":{"line":215,"column":15},"end":{"line":217,"column":1}},"20":{"start":{"line":216,"column":2},"end":{"line":216,"column":66}},"21":{"start":{"line":219,"column":30},"end":{"line":243,"column":1}},"22":{"start":{"line":225,"column":2},"end":{"line":242,"column":4}}},"fnMap":{"0":{"name":"(anonymous_0)","decl":{"start":{"line":5,"column":22},"end":{"line":5,"column":23}},"loc":{"start":{"line":5,"column":38},"end":{"line":161,"column":1}},"line":5},"1":{"name":"(anonymous_1)","decl":{"start":{"line":8,"column":23},"end":{"line":8,"column":24}},"loc":{"start":{"line":8,"column":29},"end":{"line":8,"column":59}},"line":8},"2":{"name":"(anonymous_2)","decl":{"start":{"line":9,"column":25},"end":{"line":9,"column":26}},"loc":{"start":{"line":9,"column":31},"end":{"line":9,"column":65}},"line":9},"3":{"name":"(anonymous_3)","decl":{"start":{"line":126,"column":29},"end":{"line":126,"column":30}},"loc":{"start":{"line":126,"column":35},"end":{"line":129,"column":21}},"line":126},"4":{"name":"(anonymous_4)","decl":{"start":{"line":163,"column":26},"end":{"line":163,"column":27}},"loc":{"start":{"line":163,"column":59},"end":{"line":213,"column":1}},"line":163},"5":{"name":"(anonymous_5)","decl":{"start":{"line":164,"column":30},"end":{"line":164,"column":31}},"loc":{"start":{"line":164,"column":36},"end":{"line":169,"column":3}},"line":164},"6":{"name":"resetHandler","decl":{"start":{"line":171,"column":11},"end":{"line":171,"column":23}},"loc":{"start":{"line":171,"column":26},"end":{"line":175,"column":3}},"line":171},"7":{"name":"(anonymous_7)","decl":{"start":{"line":215,"column":15},"end":{"line":215,"column":16}},"loc":{"start":{"line":215,"column":33},"end":{"line":217,"column":1}},"line":215},"8":{"name":"(anonymous_8)","decl":{"start":{"line":219,"column":30},"end":{"line":219,"column":31}},"loc":{"start":{"line":224,"column":6},"end":{"line":243,"column":1}},"line":224}},"branchMap":{"0":{"loc":{"start":{"line":82,"column":7},"end":{"line":158,"column":14}},"type":"cond-expr","locations":[{"start":{"line":83,"column":8},"end":{"line":157,"column":14}},{"start":{"line":158,"column":10},"end":{"line":158,"column":14}}],"line":82},"1":{"loc":{"start":{"line":165,"column":4},"end":{"line":167,"column":5}},"type":"if","locations":[{"start":{"line":165,"column":4},"end":{"line":167,"column":5}},{"start":{},"end":{}}],"line":165},"2":{"loc":{"start":{"line":165,"column":8},"end":{"line":165,"column":64}},"type":"binary-expr","locations":[{"start":{"line":165,"column":8},"end":{"line":165,"column":14}},{"start":{"line":165,"column":18},"end":{"line":165,"column":33}},{"start":{"line":165,"column":37},"end":{"line":165,"column":64}}],"line":165},"3":{"loc":{"start":{"line":172,"column":4},"end":{"line":174,"column":5}},"type":"if","locations":[{"start":{"line":172,"column":4},"end":{"line":174,"column":5}},{"start":{},"end":{}}],"line":172},"4":{"loc":{"start":{"line":186,"column":9},"end":{"line":209,"column":9}},"type":"cond-expr","locations":[{"start":{"line":187,"column":10},"end":{"line":187,"column":20}},{"start":{"line":189,"column":10},"end":{"line":208,"column":28}}],"line":186},"5":{"loc":{"start":{"line":221,"column":2},"end":{"line":221,"column":13}},"type":"default-arg","locations":[{"start":{"line":221,"column":9},"end":{"line":221,"column":13}}],"line":221},"6":{"loc":{"start":{"line":222,"column":2},"end":{"line":222,"column":14}},"type":"default-arg","locations":[{"start":{"line":222,"column":10},"end":{"line":222,"column":14}}],"line":222},"7":{"loc":{"start":{"line":223,"column":2},"end":{"line":223,"column":17}},"type":"default-arg","locations":[{"start":{"line":223,"column":13},"end":{"line":223,"column":17}}],"line":223},"8":{"loc":{"start":{"line":228,"column":9},"end":{"line":228,"column":31}},"type":"cond-expr","locations":[{"start":{"line":228,"column":16},"end":{"line":228,"column":24}},{"start":{"line":228,"column":27},"end":{"line":228,"column":31}}],"line":228},"9":{"loc":{"start":{"line":230,"column":9},"end":{"line":232,"column":16}},"type":"cond-expr","locations":[{"start":{"line":231,"column":10},"end":{"line":231,"column":66}},{"start":{"line":232,"column":12},"end":{"line":232,"column":16}}],"line":230},"10":{"loc":{"start":{"line":233,"column":9},"end":{"line":238,"column":16}},"type":"cond-expr","locations":[{"start":{"line":234,"column":10},"end":{"line":237,"column":14}},{"start":{"line":238,"column":12},"end":{"line":238,"column":16}}],"line":233}},"s":{"0":3,"1":3,"2":3,"3":3,"4":0,"5":3,"6":0,"7":3,"8":3,"9":0,"10":0,"11":3,"12":3,"13":3,"14":0,"15":3,"16":0,"17":0,"18":3,"19":3,"20":6,"21":3,"22":1},"f":{"0":3,"1":0,"2":0,"3":0,"4":3,"5":3,"6":0,"7":6,"8":1},"b":{"0":[0,3],"1":[0,3],"2":[3,3,0],"3":[0,0],"4":[3,0],"5":[0],"6":[0],"7":[1],"8":[1,0],"9":[1,0],"10":[0,1]},"_coverageSchema":"1a1c01bbd47fc00a2c39e90264f33305004495a9","hash":"9754f7d695a413be8849f999bea08dababd57ab5"}
,"/home/josh/tl-vendor-plugin/admin/components/Onboarding.js": {"path":"/home/josh/tl-vendor-plugin/admin/components/Onboarding.js","statementMap":{"0":{"start":{"line":19,"column":16},"end":{"line":86,"column":1}},"1":{"start":{"line":20,"column":2},"end":{"line":85,"column":4}},"2":{"start":{"line":88,"column":16},"end":{"line":157,"column":1}},"3":{"start":{"line":89,"column":22},"end":{"line":89,"column":35}},"4":{"start":{"line":90,"column":29},"end":{"line":90,"column":38}},"5":{"start":{"line":91,"column":18},"end":{"line":91,"column":30}},"6":{"start":{"line":92,"column":21},"end":{"line":96,"column":3}},"7":{"start":{"line":93,"column":4},"end":{"line":93,"column":23}},"8":{"start":{"line":94,"column":15},"end":{"line":94,"column":43}},"9":{"start":{"line":95,"column":4},"end":{"line":95,"column":55}},"10":{"start":{"line":95,"column":30},"end":{"line":95,"column":53}},"11":{"start":{"line":98,"column":2},"end":{"line":156,"column":4}},"12":{"start":{"line":159,"column":13},"end":{"line":225,"column":1}},"13":{"start":{"line":160,"column":2},"end":{"line":224,"column":3}},"14":{"start":{"line":162,"column":6},"end":{"line":192,"column":8}},"15":{"start":{"line":195,"column":6},"end":{"line":223,"column":8}},"16":{"start":{"line":230,"column":14},"end":{"line":249,"column":1}},"17":{"start":{"line":231,"column":17},"end":{"line":239,"column":3}},"18":{"start":{"line":232,"column":4},"end":{"line":238,"column":5}},"19":{"start":{"line":234,"column":8},"end":{"line":234,"column":27}},"20":{"start":{"line":237,"column":8},"end":{"line":237,"column":27}},"21":{"start":{"line":240,"column":2},"end":{"line":248,"column":4}},"22":{"start":{"line":255,"column":32},"end":{"line":352,"column":1}},"23":{"start":{"line":261,"column":2},"end":{"line":351,"column":4}}},"fnMap":{"0":{"name":"(anonymous_0)","decl":{"start":{"line":19,"column":16},"end":{"line":19,"column":17}},"loc":{"start":{"line":19,"column":22},"end":{"line":86,"column":1}},"line":19},"1":{"name":"(anonymous_1)","decl":{"start":{"line":88,"column":16},"end":{"line":88,"column":17}},"loc":{"start":{"line":88,"column":22},"end":{"line":157,"column":1}},"line":88},"2":{"name":"(anonymous_2)","decl":{"start":{"line":92,"column":21},"end":{"line":92,"column":22}},"loc":{"start":{"line":92,"column":28},"end":{"line":96,"column":3}},"line":92},"3":{"name":"(anonymous_3)","decl":{"start":{"line":95,"column":24},"end":{"line":95,"column":25}},"loc":{"start":{"line":95,"column":30},"end":{"line":95,"column":53}},"line":95},"4":{"name":"(anonymous_4)","decl":{"start":{"line":159,"column":13},"end":{"line":159,"column":14}},"loc":{"start":{"line":159,"column":27},"end":{"line":225,"column":1}},"line":159},"5":{"name":"(anonymous_5)","decl":{"start":{"line":230,"column":14},"end":{"line":230,"column":15}},"loc":{"start":{"line":230,"column":51},"end":{"line":249,"column":1}},"line":230},"6":{"name":"(anonymous_6)","decl":{"start":{"line":231,"column":17},"end":{"line":231,"column":18}},"loc":{"start":{"line":231,"column":23},"end":{"line":239,"column":3}},"line":231},"7":{"name":"(anonymous_7)","decl":{"start":{"line":255,"column":32},"end":{"line":255,"column":33}},"loc":{"start":{"line":260,"column":6},"end":{"line":352,"column":1}},"line":260}},"branchMap":{"0":{"loc":{"start":{"line":160,"column":2},"end":{"line":224,"column":3}},"type":"switch","locations":[{"start":{"line":161,"column":4},"end":{"line":192,"column":8}},{"start":{"line":193,"column":4},"end":{"line":193,"column":11}},{"start":{"line":194,"column":4},"end":{"line":223,"column":8}}],"line":160},"1":{"loc":{"start":{"line":230,"column":23},"end":{"line":230,"column":44}},"type":"default-arg","locations":[{"start":{"line":230,"column":40},"end":{"line":230,"column":44}}],"line":230},"2":{"loc":{"start":{"line":232,"column":4},"end":{"line":238,"column":5}},"type":"switch","locations":[{"start":{"line":233,"column":6},"end":{"line":234,"column":27}},{"start":{"line":235,"column":6},"end":{"line":235,"column":13}},{"start":{"line":236,"column":6},"end":{"line":237,"column":27}}],"line":232},"3":{"loc":{"start":{"line":257,"column":2},"end":{"line":257,"column":17}},"type":"default-arg","locations":[{"start":{"line":257,"column":16},"end":{"line":257,"column":17}}],"line":257},"4":{"loc":{"start":{"line":259,"column":2},"end":{"line":259,"column":23}},"type":"default-arg","locations":[{"start":{"line":259,"column":19},"end":{"line":259,"column":23}}],"line":259},"5":{"loc":{"start":{"line":286,"column":38},"end":{"line":286,"column":75}},"type":"cond-expr","locations":[{"start":{"line":286,"column":55},"end":{"line":286,"column":63}},{"start":{"line":286,"column":66},"end":{"line":286,"column":75}}],"line":286}},"s":{"0":2,"1":0,"2":2,"3":3,"4":3,"5":3,"6":3,"7":0,"8":0,"9":0,"10":0,"11":3,"12":2,"13":3,"14":0,"15":3,"16":2,"17":3,"18":3,"19":0,"20":3,"21":3,"22":2,"23":3},"f":{"0":0,"1":3,"2":0,"3":0,"4":3,"5":3,"6":3,"7":3},"b":{"0":[0,0,3],"1":[0],"2":[0,0,3],"3":[3],"4":[0],"5":[3,0]},"_coverageSchema":"1a1c01bbd47fc00a2c39e90264f33305004495a9","hash":"322c2bb660fa594186164f4a9bf092949b503f4c"}
,"/home/josh/tl-vendor-plugin/admin/components/RoleMultiSelect.js": {"path":"/home/josh/tl-vendor-plugin/admin/components/RoleMultiSelect.js","statementMap":{"0":{"start":{"line":7,"column":24},"end":{"line":45,"column":1}},"1":{"start":{"line":8,"column":23},"end":{"line":23,"column":23}},"2":{"start":{"line":9,"column":13},"end":{"line":9,"column":34}},"3":{"start":{"line":11,"column":6},"end":{"line":16,"column":11}},"4":{"start":{"line":17,"column":4},"end":{"line":22,"column":7}},"5":{"start":{"line":18,"column":6},"end":{"line":21,"column":8}},"6":{"start":{"line":29,"column":24},"end":{"line":31,"column":4}},"7":{"start":{"line":30,"column":4},"end":{"line":30,"column":58}},"8":{"start":{"line":30,"column":39},"end":{"line":30,"column":56}},"9":{"start":{"line":33,"column":2},"end":{"line":44,"column":4}}},"fnMap":{"0":{"name":"(anonymous_0)","decl":{"start":{"line":7,"column":24},"end":{"line":7,"column":25}},"loc":{"start":{"line":7,"column":56},"end":{"line":45,"column":1}},"line":7},"1":{"name":"(anonymous_1)","decl":{"start":{"line":8,"column":31},"end":{"line":8,"column":32}},"loc":{"start":{"line":8,"column":37},"end":{"line":23,"column":3}},"line":8},"2":{"name":"(anonymous_2)","decl":{"start":{"line":17,"column":34},"end":{"line":17,"column":35}},"loc":{"start":{"line":17,"column":44},"end":{"line":22,"column":5}},"line":17},"3":{"name":"handleChange","decl":{"start":{"line":25,"column":11},"end":{"line":25,"column":23}},"loc":{"start":{"line":25,"column":38},"end":{"line":27,"column":3}},"line":25},"4":{"name":"(anonymous_4)","decl":{"start":{"line":29,"column":42},"end":{"line":29,"column":43}},"loc":{"start":{"line":29,"column":53},"end":{"line":31,"column":3}},"line":29},"5":{"name":"(anonymous_5)","decl":{"start":{"line":30,"column":29},"end":{"line":30,"column":30}},"loc":{"start":{"line":30,"column":39},"end":{"line":30,"column":56}},"line":30}},"branchMap":{"0":{"loc":{"start":{"line":7,"column":27},"end":{"line":7,"column":45}},"type":"default-arg","locations":[{"start":{"line":7,"column":43},"end":{"line":7,"column":45}}],"line":7},"1":{"loc":{"start":{"line":9,"column":13},"end":{"line":9,"column":34}},"type":"binary-expr","locations":[{"start":{"line":9,"column":13},"end":{"line":9,"column":28}},{"start":{"line":9,"column":32},"end":{"line":9,"column":34}}],"line":9},"2":{"loc":{"start":{"line":11,"column":6},"end":{"line":16,"column":11}},"type":"cond-expr","locations":[{"start":{"line":12,"column":10},"end":{"line":12,"column":18}},{"start":{"line":13,"column":10},"end":{"line":16,"column":11}}],"line":11},"3":{"loc":{"start":{"line":11,"column":6},"end":{"line":11,"column":20}},"type":"binary-expr","locations":[{"start":{"line":11,"column":6},"end":{"line":11,"column":8}},{"start":{"line":11,"column":12},"end":{"line":11,"column":20}}],"line":11},"4":{"loc":{"start":{"line":38,"column":24},"end":{"line":38,"column":43}},"type":"binary-expr","locations":[{"start":{"line":38,"column":24},"end":{"line":38,"column":37}},{"start":{"line":38,"column":41},"end":{"line":38,"column":43}}],"line":38}},"s":{"0":3,"1":5,"2":5,"3":5,"4":5,"5":10,"6":5,"7":0,"8":0,"9":5},"f":{"0":5,"1":5,"2":10,"3":0,"4":0,"5":0},"b":{"0":[0],"1":[5,5],"2":[0,5],"3":[5,5],"4":[5,0]},"_coverageSchema":"1a1c01bbd47fc00a2c39e90264f33305004495a9","hash":"bd0665aba7480f0ba0a846e0608895f07347d510"}
,"/home/josh/tl-vendor-plugin/admin/components/Sections.js": {"path":"/home/josh/tl-vendor-plugin/admin/components/Sections.js","statementMap":{"0":{"start":{"line":6,"column":26},"end":{"line":55,"column":1}},"1":{"start":{"line":9,"column":18},"end":{"line":10,"column":62}},"2":{"start":{"line":10,"column":4},"end":{"line":10,"column":62}},"3":{"start":{"line":11,"column":2},"end":{"line":54,"column":4}},"4":{"start":{"line":56,"column":32},"end":{"line":240,"column":1}},"5":{"start":{"line":57,"column":32},"end":{"line":57,"column":75}},"6":{"start":{"line":59,"column":2},"end":{"line":239,"column":4}},"7":{"start":{"line":175,"column":14},"end":{"line":175,"column":64}},"8":{"start":{"line":231,"column":14},"end":{"line":231,"column":70}}},"fnMap":{"0":{"name":"(anonymous_0)","decl":{"start":{"line":6,"column":26},"end":{"line":6,"column":27}},"loc":{"start":{"line":6,"column":32},"end":{"line":55,"column":1}},"line":6},"1":{"name":"(anonymous_1)","decl":{"start":{"line":9,"column":18},"end":{"line":9,"column":19}},"loc":{"start":{"line":10,"column":4},"end":{"line":10,"column":62}},"line":10},"2":{"name":"(anonymous_2)","decl":{"start":{"line":56,"column":32},"end":{"line":56,"column":33}},"loc":{"start":{"line":56,"column":38},"end":{"line":240,"column":1}},"line":56},"3":{"name":"(anonymous_3)","decl":{"start":{"line":174,"column":21},"end":{"line":174,"column":22}},"loc":{"start":{"line":174,"column":27},"end":{"line":176,"column":13}},"line":174},"4":{"name":"(anonymous_4)","decl":{"start":{"line":230,"column":21},"end":{"line":230,"column":22}},"loc":{"start":{"line":230,"column":27},"end":{"line":232,"column":13}},"line":230}},"branchMap":{},"s":{"0":2,"1":0,"2":0,"3":0,"4":2,"5":0,"6":0,"7":0,"8":0},"f":{"0":0,"1":0,"2":0,"3":0,"4":0},"b":{},"_coverageSchema":"1a1c01bbd47fc00a2c39e90264f33305004495a9","hash":"939e028afbcb134c4f462d4c4a9b4554d166ce09"}
,"/home/josh/tl-vendor-plugin/admin/components/SettingSection.js": {"path":"/home/josh/tl-vendor-plugin/admin/components/SettingSection.js","statementMap":{"0":{"start":{"line":1,"column":23},"end":{"line":13,"column":1}},"1":{"start":{"line":2,"column":2},"end":{"line":12,"column":4}}},"fnMap":{"0":{"name":"(anonymous_0)","decl":{"start":{"line":1,"column":23},"end":{"line":1,"column":24}},"loc":{"start":{"line":1,"column":58},"end":{"line":13,"column":1}},"line":1}},"branchMap":{},"s":{"0":2,"1":0},"f":{"0":0},"b":{},"_coverageSchema":"1a1c01bbd47fc00a2c39e90264f33305004495a9","hash":"6b4a026be2751fb21a40a0617ab99157c5b20056"}
,"/home/josh/tl-vendor-plugin/admin/components/TestProvider.js": {"path":"/home/josh/tl-vendor-plugin/admin/components/TestProvider.js","statementMap":{"0":{"start":{"line":3,"column":24},"end":{"line":10,"column":1}},"1":{"start":{"line":11,"column":16},"end":{"line":18,"column":1}},"2":{"start":{"line":13,"column":4},"end":{"line":15,"column":6}},"3":{"start":{"line":25,"column":21},"end":{"line":37,"column":1}},"4":{"start":{"line":31,"column":2},"end":{"line":36,"column":21}}},"fnMap":{"0":{"name":"(anonymous_0)","decl":{"start":{"line":12,"column":15},"end":{"line":12,"column":16}},"loc":{"start":{"line":12,"column":27},"end":{"line":16,"column":3}},"line":12},"1":{"name":"(anonymous_1)","decl":{"start":{"line":17,"column":18},"end":{"line":17,"column":19}},"loc":{"start":{"line":17,"column":30},"end":{"line":17,"column":32}},"line":17},"2":{"name":"(anonymous_2)","decl":{"start":{"line":25,"column":21},"end":{"line":25,"column":22}},"loc":{"start":{"line":31,"column":2},"end":{"line":36,"column":21}},"line":31}},"branchMap":{"0":{"loc":{"start":{"line":27,"column":2},"end":{"line":27,"column":15}},"type":"default-arg","locations":[{"start":{"line":27,"column":8},"end":{"line":27,"column":15}}],"line":27},"1":{"loc":{"start":{"line":28,"column":2},"end":{"line":28,"column":21}},"type":"default-arg","locations":[{"start":{"line":28,"column":17},"end":{"line":28,"column":21}}],"line":28},"2":{"loc":{"start":{"line":29,"column":2},"end":{"line":29,"column":27}},"type":"default-arg","locations":[{"start":{"line":29,"column":17},"end":{"line":29,"column":27}}],"line":29}},"s":{"0":6,"1":6,"2":0,"3":6,"4":9},"f":{"0":0,"1":0,"2":9},"b":{"0":[9],"1":[6],"2":[8]},"_coverageSchema":"1a1c01bbd47fc00a2c39e90264f33305004495a9","hash":"b1a800bd87a694601301da72fe4e51950e3a4250"}
,"/home/josh/tl-vendor-plugin/admin/components/TrustedLoginLogo.js": {"path":"/home/josh/tl-vendor-plugin/admin/components/TrustedLoginLogo.js","statementMap":{"0":{"start":{"line":1,"column":30},"end":{"line":108,"column":1}},"1":{"start":{"line":2,"column":2},"end":{"line":107,"column":4}}},"fnMap":{"0":{"name":"(anonymous_0)","decl":{"start":{"line":1,"column":30},"end":{"line":1,"column":31}},"loc":{"start":{"line":1,"column":36},"end":{"line":108,"column":1}},"line":1}},"branchMap":{},"s":{"0":4,"1":7},"f":{"0":7},"b":{},"_coverageSchema":"1a1c01bbd47fc00a2c39e90264f33305004495a9","hash":"9e0f8e1d8dc88aeda48a42fe110c451433e0cf37"}
,"/home/josh/tl-vendor-plugin/admin/components/TrustedLoginSettings.js": {"path":"/home/josh/tl-vendor-plugin/admin/components/TrustedLoginSettings.js","statementMap":{"0":{"start":{"line":17,"column":42},"end":{"line":17,"column":51}},"1":{"start":{"line":18,"column":32},"end":{"line":18,"column":45}},"2":{"start":{"line":19,"column":16},"end":{"line":21,"column":16}},"3":{"start":{"line":20,"column":4},"end":{"line":20,"column":78}},"4":{"start":{"line":24,"column":2},"end":{"line":68,"column":3}},"5":{"start":{"line":27,"column":6},"end":{"line":27,"column":65}},"6":{"start":{"line":29,"column":6},"end":{"line":37,"column":8}},"7":{"start":{"line":32,"column":12},"end":{"line":32,"column":29}},"8":{"start":{"line":33,"column":12},"end":{"line":33,"column":21}},"9":{"start":{"line":34,"column":12},"end":{"line":34,"column":36}},"10":{"start":{"line":39,"column":6},"end":{"line":47,"column":7}},"11":{"start":{"line":40,"column":8},"end":{"line":46,"column":10}},"12":{"start":{"line":43,"column":14},"end":{"line":43,"column":42}},"13":{"start":{"line":51,"column":6},"end":{"line":67,"column":8}}},"fnMap":{"0":{"name":"TrustedLoginSettings","decl":{"start":{"line":16,"column":24},"end":{"line":16,"column":44}},"loc":{"start":{"line":16,"column":47},"end":{"line":69,"column":1}},"line":16},"1":{"name":"(anonymous_1)","decl":{"start":{"line":19,"column":24},"end":{"line":19,"column":25}},"loc":{"start":{"line":19,"column":30},"end":{"line":21,"column":3}},"line":19},"2":{"name":"(anonymous_2)","decl":{"start":{"line":31,"column":18},"end":{"line":31,"column":19}},"loc":{"start":{"line":31,"column":31},"end":{"line":35,"column":11}},"line":31},"3":{"name":"(anonymous_3)","decl":{"start":{"line":42,"column":21},"end":{"line":42,"column":22}},"loc":{"start":{"line":42,"column":27},"end":{"line":44,"column":13}},"line":42}},"branchMap":{"0":{"loc":{"start":{"line":20,"column":11},"end":{"line":20,"column":77}},"type":"cond-expr","locations":[{"start":{"line":20,"column":58},"end":{"line":20,"column":72}},{"start":{"line":20,"column":75},"end":{"line":20,"column":77}}],"line":20},"1":{"loc":{"start":{"line":20,"column":11},"end":{"line":20,"column":55}},"type":"binary-expr","locations":[{"start":{"line":20,"column":11},"end":{"line":20,"column":19}},{"start":{"line":20,"column":23},"end":{"line":20,"column":55}}],"line":20},"2":{"loc":{"start":{"line":24,"column":2},"end":{"line":68,"column":3}},"type":"switch","locations":[{"start":{"line":25,"column":4},"end":{"line":27,"column":65}},{"start":{"line":28,"column":4},"end":{"line":37,"column":8}},{"start":{"line":38,"column":4},"end":{"line":47,"column":7}},{"start":{"line":49,"column":4},"end":{"line":67,"column":8}}],"line":24},"3":{"loc":{"start":{"line":39,"column":6},"end":{"line":47,"column":7}},"type":"if","locations":[{"start":{"line":39,"column":6},"end":{"line":47,"column":7}},{"start":{},"end":{}}],"line":39},"4":{"loc":{"start":{"line":54,"column":11},"end":{"line":65,"column":11}},"type":"cond-expr","locations":[{"start":{"line":56,"column":12},"end":{"line":56,"column":29}},{"start":{"line":58,"column":12},"end":{"line":64,"column":15}}],"line":54},"5":{"loc":{"start":{"line":54,"column":11},"end":{"line":55,"column":41}},"type":"binary-expr","locations":[{"start":{"line":54,"column":11},"end":{"line":54,"column":42}},{"start":{"line":55,"column":10},"end":{"line":55,"column":41}}],"line":54},"6":{"loc":{"start":{"line":59,"column":15},"end":{"line":63,"column":15}},"type":"cond-expr","locations":[{"start":{"line":60,"column":16},"end":{"line":60,"column":39}},{"start":{"line":62,"column":16},"end":{"line":62,"column":35}}],"line":59}},"s":{"0":6,"1":6,"2":6,"3":6,"4":6,"5":3,"6":0,"7":0,"8":0,"9":0,"10":3,"11":0,"12":0,"13":3},"f":{"0":6,"1":6,"2":0,"3":0},"b":{"0":[6,0],"1":[6,6],"2":[3,0,3,3],"3":[0,3],"4":[3,0],"5":[3,3],"6":[0,0]},"_coverageSchema":"1a1c01bbd47fc00a2c39e90264f33305004495a9","hash":"ce7cbfce6e7d0cd8347051bc3d3edbe1508b9b22"}
,"/home/josh/tl-vendor-plugin/admin/components/index.js": {"path":"/home/josh/tl-vendor-plugin/admin/components/index.js","statementMap":{"0":{"start":{"line":4,"column":28},"end":{"line":21,"column":1}},"1":{"start":{"line":11,"column":2},"end":{"line":20,"column":4}},"2":{"start":{"line":23,"column":0},"end":{"line":26,"column":2}},"3":{"start":{"line":27,"column":28},"end":{"line":70,"column":1}},"4":{"start":{"line":33,"column":24},"end":{"line":42,"column":17}},"5":{"start":{"line":35,"column":6},"end":{"line":35,"column":226}},"6":{"start":{"line":36,"column":4},"end":{"line":40,"column":5}},"7":{"start":{"line":37,"column":6},"end":{"line":37,"column":41}},"8":{"start":{"line":39,"column":6},"end":{"line":39,"column":41}},"9":{"start":{"line":41,"column":4},"end":{"line":41,"column":19}},"10":{"start":{"line":44,"column":22},"end":{"line":53,"column":17}},"11":{"start":{"line":46,"column":6},"end":{"line":46,"column":110}},"12":{"start":{"line":47,"column":4},"end":{"line":51,"column":5}},"13":{"start":{"line":48,"column":6},"end":{"line":48,"column":43}},"14":{"start":{"line":50,"column":6},"end":{"line":50,"column":43}},"15":{"start":{"line":52,"column":4},"end":{"line":52,"column":19}},"16":{"start":{"line":55,"column":2},"end":{"line":69,"column":4}},"17":{"start":{"line":58,"column":8},"end":{"line":58,"column":27}},"18":{"start":{"line":59,"column":8},"end":{"line":59,"column":18}}},"fnMap":{"0":{"name":"(anonymous_0)","decl":{"start":{"line":4,"column":28},"end":{"line":4,"column":29}},"loc":{"start":{"line":10,"column":6},"end":{"line":21,"column":1}},"line":10},"1":{"name":"(anonymous_1)","decl":{"start":{"line":27,"column":28},"end":{"line":27,"column":29}},"loc":{"start":{"line":32,"column":6},"end":{"line":70,"column":1}},"line":32},"2":{"name":"(anonymous_2)","decl":{"start":{"line":33,"column":32},"end":{"line":33,"column":33}},"loc":{"start":{"line":33,"column":38},"end":{"line":42,"column":3}},"line":33},"3":{"name":"(anonymous_3)","decl":{"start":{"line":44,"column":30},"end":{"line":44,"column":31}},"loc":{"start":{"line":44,"column":36},"end":{"line":53,"column":3}},"line":44},"4":{"name":"(anonymous_4)","decl":{"start":{"line":57,"column":15},"end":{"line":57,"column":16}},"loc":{"start":{"line":57,"column":22},"end":{"line":60,"column":7}},"line":57}},"branchMap":{"0":{"loc":{"start":{"line":36,"column":4},"end":{"line":40,"column":5}},"type":"if","locations":[{"start":{"line":36,"column":4},"end":{"line":40,"column":5}},{"start":{"line":38,"column":11},"end":{"line":40,"column":5}}],"line":36},"1":{"loc":{"start":{"line":47,"column":4},"end":{"line":51,"column":5}},"type":"if","locations":[{"start":{"line":47,"column":4},"end":{"line":51,"column":5}},{"start":{"line":49,"column":11},"end":{"line":51,"column":5}}],"line":47}},"s":{"0":2,"1":0,"2":2,"3":2,"4":0,"5":0,"6":0,"7":0,"8":0,"9":0,"10":0,"11":0,"12":0,"13":0,"14":0,"15":0,"16":0,"17":0,"18":0},"f":{"0":0,"1":0,"2":0,"3":0,"4":0},"b":{"0":[0,0],"1":[0,0]},"_coverageSchema":"1a1c01bbd47fc00a2c39e90264f33305004495a9","hash":"e35f486f91a58ff60df308aada5d483aa97278c4"}
,"/home/josh/tl-vendor-plugin/admin/components/integrations/ConfigureIntegration.js": {"path":"/home/josh/tl-vendor-plugin/admin/components/integrations/ConfigureIntegration.js","statementMap":{"0":{"start":{"line":5,"column":14},"end":{"line":5,"column":59}},"1":{"start":{"line":5,"column":28},"end":{"line":5,"column":54}},"2":{"start":{"line":6,"column":2},"end":{"line":115,"column":4}},"3":{"start":{"line":134,"column":2},"end":{"line":228,"column":4}},"4":{"start":{"line":137,"column":21},"end":{"line":137,"column":37}},"5":{"start":{"line":147,"column":33},"end":{"line":147,"column":49}},"6":{"start":{"line":195,"column":33},"end":{"line":195,"column":49}}},"fnMap":{"0":{"name":"ConfigureHelscout","decl":{"start":{"line":4,"column":16},"end":{"line":4,"column":33}},"loc":{"start":{"line":4,"column":57},"end":{"line":116,"column":1}},"line":4},"1":{"name":"(anonymous_1)","decl":{"start":{"line":5,"column":22},"end":{"line":5,"column":23}},"loc":{"start":{"line":5,"column":28},"end":{"line":5,"column":54}},"line":5},"2":{"name":"ConfigureIntegration","decl":{"start":{"line":123,"column":24},"end":{"line":123,"column":44}},"loc":{"start":{"line":133,"column":3},"end":{"line":229,"column":1}},"line":133},"3":{"name":"(anonymous_3)","decl":{"start":{"line":137,"column":15},"end":{"line":137,"column":16}},"loc":{"start":{"line":137,"column":21},"end":{"line":137,"column":37}},"line":137},"4":{"name":"(anonymous_4)","decl":{"start":{"line":147,"column":27},"end":{"line":147,"column":28}},"loc":{"start":{"line":147,"column":33},"end":{"line":147,"column":49}},"line":147},"5":{"name":"(anonymous_5)","decl":{"start":{"line":195,"column":27},"end":{"line":195,"column":28}},"loc":{"start":{"line":195,"column":33},"end":{"line":195,"column":49}},"line":195}},"branchMap":{},"s":{"0":3,"1":3,"2":3,"3":3,"4":0,"5":0,"6":0},"f":{"0":3,"1":3,"2":3,"3":0,"4":0,"5":0},"b":{},"_coverageSchema":"1a1c01bbd47fc00a2c39e90264f33305004495a9","hash":"d28a1ac787edf480ea5f0d4220cd5b2ec537a3e4"}
,"/home/josh/tl-vendor-plugin/admin/components/integrations/Integration.js": {"path":"/home/josh/tl-vendor-plugin/admin/components/integrations/Integration.js","statementMap":{"0":{"start":{"line":6,"column":20},"end":{"line":82,"column":1}},"1":{"start":{"line":7,"column":63},"end":{"line":7,"column":76}},"2":{"start":{"line":9,"column":20},"end":{"line":11,"column":29}},"3":{"start":{"line":10,"column":4},"end":{"line":10,"column":54}},"4":{"start":{"line":13,"column":26},"end":{"line":16,"column":17}},"5":{"start":{"line":14,"column":20},"end":{"line":14,"column":60}},"6":{"start":{"line":15,"column":4},"end":{"line":15,"column":245}},"7":{"start":{"line":18,"column":24},"end":{"line":21,"column":17}},"8":{"start":{"line":19,"column":20},"end":{"line":19,"column":65}},"9":{"start":{"line":20,"column":4},"end":{"line":20,"column":143}},"10":{"start":{"line":24,"column":19},"end":{"line":44,"column":3}},"11":{"start":{"line":25,"column":17},"end":{"line":34,"column":5}},"12":{"start":{"line":37,"column":4},"end":{"line":37,"column":24}},"13":{"start":{"line":39,"column":4},"end":{"line":43,"column":6}},"14":{"start":{"line":46,"column":2},"end":{"line":81,"column":4}},"15":{"start":{"line":66,"column":27},"end":{"line":66,"column":37}},"16":{"start":{"line":84,"column":36},"end":{"line":117,"column":1}},"17":{"start":{"line":85,"column":28},"end":{"line":85,"column":42}},"18":{"start":{"line":87,"column":2},"end":{"line":116,"column":4}},"19":{"start":{"line":91,"column":31},"end":{"line":91,"column":49}},"20":{"start":{"line":100,"column":10},"end":{"line":112,"column":16}}},"fnMap":{"0":{"name":"(anonymous_0)","decl":{"start":{"line":6,"column":20},"end":{"line":6,"column":21}},"loc":{"start":{"line":6,"column":74},"end":{"line":82,"column":1}},"line":6},"1":{"name":"(anonymous_1)","decl":{"start":{"line":9,"column":28},"end":{"line":9,"column":29}},"loc":{"start":{"line":9,"column":34},"end":{"line":11,"column":3}},"line":9},"2":{"name":"(anonymous_2)","decl":{"start":{"line":13,"column":34},"end":{"line":13,"column":35}},"loc":{"start":{"line":13,"column":40},"end":{"line":16,"column":3}},"line":13},"3":{"name":"(anonymous_3)","decl":{"start":{"line":18,"column":32},"end":{"line":18,"column":33}},"loc":{"start":{"line":18,"column":38},"end":{"line":21,"column":3}},"line":18},"4":{"name":"(anonymous_4)","decl":{"start":{"line":24,"column":19},"end":{"line":24,"column":20}},"loc":{"start":{"line":24,"column":25},"end":{"line":44,"column":3}},"line":24},"5":{"name":"(anonymous_5)","decl":{"start":{"line":66,"column":21},"end":{"line":66,"column":22}},"loc":{"start":{"line":66,"column":27},"end":{"line":66,"column":37}},"line":66},"6":{"name":"(anonymous_6)","decl":{"start":{"line":84,"column":36},"end":{"line":84,"column":37}},"loc":{"start":{"line":84,"column":42},"end":{"line":117,"column":1}},"line":84},"7":{"name":"(anonymous_7)","decl":{"start":{"line":91,"column":25},"end":{"line":91,"column":26}},"loc":{"start":{"line":91,"column":31},"end":{"line":91,"column":49}},"line":91},"8":{"name":"(anonymous_8)","decl":{"start":{"line":99,"column":14},"end":{"line":99,"column":15}},"loc":{"start":{"line":100,"column":10},"end":{"line":112,"column":16}},"line":100}},"branchMap":{"0":{"loc":{"start":{"line":10,"column":11},"end":{"line":10,"column":53}},"type":"binary-expr","locations":[{"start":{"line":10,"column":11},"end":{"line":10,"column":44}},{"start":{"line":10,"column":48},"end":{"line":10,"column":53}}],"line":10},"1":{"loc":{"start":{"line":14,"column":20},"end":{"line":14,"column":60}},"type":"cond-expr","locations":[{"start":{"line":14,"column":32},"end":{"line":14,"column":44}},{"start":{"line":14,"column":47},"end":{"line":14,"column":60}}],"line":14},"2":{"loc":{"start":{"line":19,"column":20},"end":{"line":19,"column":65}},"type":"cond-expr","locations":[{"start":{"line":19,"column":32},"end":{"line":19,"column":47}},{"start":{"line":19,"column":50},"end":{"line":19,"column":65}}],"line":19}},"s":{"0":3,"1":1,"2":1,"3":1,"4":1,"5":1,"6":1,"7":1,"8":1,"9":1,"10":1,"11":0,"12":0,"13":0,"14":1,"15":0,"16":3,"17":1,"18":1,"19":0,"20":1},"f":{"0":1,"1":1,"2":1,"3":1,"4":0,"5":0,"6":1,"7":0,"8":1},"b":{"0":[1,1],"1":[0,1],"2":[0,1]},"_coverageSchema":"1a1c01bbd47fc00a2c39e90264f33305004495a9","hash":"828a8308983a7ec526d4c53713c162e74a218470"}
,"/home/josh/tl-vendor-plugin/admin/components/onboarding/Aside.js": {"path":"/home/josh/tl-vendor-plugin/admin/components/onboarding/Aside.js","statementMap":{"0":{"start":{"line":1,"column":14},"end":{"line":45,"column":1}},"1":{"start":{"line":3,"column":4},"end":{"line":20,"column":9}},"2":{"start":{"line":23,"column":4},"end":{"line":43,"column":9}}},"fnMap":{"0":{"name":"(anonymous_0)","decl":{"start":{"line":2,"column":15},"end":{"line":2,"column":16}},"loc":{"start":{"line":3,"column":4},"end":{"line":20,"column":9}},"line":3},"1":{"name":"(anonymous_1)","decl":{"start":{"line":22,"column":14},"end":{"line":22,"column":15}},"loc":{"start":{"line":23,"column":4},"end":{"line":43,"column":9}},"line":23}},"branchMap":{},"s":{"0":2,"1":3,"2":6},"f":{"0":3,"1":6},"b":{},"_coverageSchema":"1a1c01bbd47fc00a2c39e90264f33305004495a9","hash":"df4c21e6c0be04f63162bf48aceb49377a6170a7"}
,"/home/josh/tl-vendor-plugin/admin/components/onboarding/Main.js": {"path":"/home/josh/tl-vendor-plugin/admin/components/onboarding/Main.js","statementMap":{"0":{"start":{"line":1,"column":13},"end":{"line":91,"column":1}},"1":{"start":{"line":4,"column":4},"end":{"line":8,"column":9}},"2":{"start":{"line":12,"column":4},"end":{"line":19,"column":9}},"3":{"start":{"line":23,"column":4},"end":{"line":25,"column":10}},"4":{"start":{"line":28,"column":4},"end":{"line":54,"column":5}},"5":{"start":{"line":30,"column":8},"end":{"line":36,"column":10}},"6":{"start":{"line":38,"column":8},"end":{"line":44,"column":10}},"7":{"start":{"line":47,"column":8},"end":{"line":53,"column":10}},"8":{"start":{"line":57,"column":4},"end":{"line":89,"column":6}}},"fnMap":{"0":{"name":"(anonymous_0)","decl":{"start":{"line":3,"column":15},"end":{"line":3,"column":16}},"loc":{"start":{"line":4,"column":4},"end":{"line":8,"column":9}},"line":4},"1":{"name":"(anonymous_1)","decl":{"start":{"line":11,"column":13},"end":{"line":11,"column":14}},"loc":{"start":{"line":12,"column":4},"end":{"line":19,"column":9}},"line":12},"2":{"name":"(anonymous_2)","decl":{"start":{"line":22,"column":8},"end":{"line":22,"column":9}},"loc":{"start":{"line":23,"column":4},"end":{"line":25,"column":10}},"line":23},"3":{"name":"(anonymous_3)","decl":{"start":{"line":27,"column":8},"end":{"line":27,"column":9}},"loc":{"start":{"line":27,"column":22},"end":{"line":55,"column":3}},"line":27},"4":{"name":"(anonymous_4)","decl":{"start":{"line":56,"column":14},"end":{"line":56,"column":15}},"loc":{"start":{"line":56,"column":51},"end":{"line":90,"column":3}},"line":56}},"branchMap":{"0":{"loc":{"start":{"line":28,"column":4},"end":{"line":54,"column":5}},"type":"switch","locations":[{"start":{"line":29,"column":6},"end":{"line":36,"column":10}},{"start":{"line":37,"column":6},"end":{"line":44,"column":10}},{"start":{"line":45,"column":6},"end":{"line":45,"column":14}},{"start":{"line":46,"column":6},"end":{"line":53,"column":10}}],"line":28},"1":{"loc":{"start":{"line":56,"column":23},"end":{"line":56,"column":44}},"type":"default-arg","locations":[{"start":{"line":56,"column":40},"end":{"line":56,"column":44}}],"line":56},"2":{"loc":{"start":{"line":59,"column":9},"end":{"line":67,"column":16}},"type":"cond-expr","locations":[{"start":{"line":60,"column":10},"end":{"line":66,"column":16}},{"start":{"line":67,"column":12},"end":{"line":67,"column":16}}],"line":59}},"s":{"0":2,"1":0,"2":0,"3":3,"4":0,"5":0,"6":0,"7":0,"8":3},"f":{"0":0,"1":0,"2":3,"3":0,"4":3},"b":{"0":[0,0,0,0],"1":[0],"2":[0,3]},"_coverageSchema":"1a1c01bbd47fc00a2c39e90264f33305004495a9","hash":"1f89134c60ff6367e039ebed13a4390f0efa230f"}
,"/home/josh/tl-vendor-plugin/admin/components/onboarding/fields.js": {"path":"/home/josh/tl-vendor-plugin/admin/components/onboarding/fields.js","statementMap":{"0":{"start":{"line":1,"column":21},"end":{"line":5,"column":1}},"1":{"start":{"line":2,"column":2},"end":{"line":4,"column":10}},"2":{"start":{"line":7,"column":41},"end":{"line":12,"column":1}},"3":{"start":{"line":8,"column":2},"end":{"line":11,"column":8}},"4":{"start":{"line":13,"column":27},"end":{"line":24,"column":1}},"5":{"start":{"line":14,"column":2},"end":{"line":23,"column":4}},"6":{"start":{"line":26,"column":26},"end":{"line":39,"column":1}},"7":{"start":{"line":27,"column":2},"end":{"line":38,"column":8}}},"fnMap":{"0":{"name":"(anonymous_0)","decl":{"start":{"line":1,"column":21},"end":{"line":1,"column":22}},"loc":{"start":{"line":2,"column":2},"end":{"line":4,"column":10}},"line":2},"1":{"name":"(anonymous_1)","decl":{"start":{"line":7,"column":41},"end":{"line":7,"column":42}},"loc":{"start":{"line":8,"column":2},"end":{"line":11,"column":8}},"line":8},"2":{"name":"(anonymous_2)","decl":{"start":{"line":13,"column":27},"end":{"line":13,"column":28}},"loc":{"start":{"line":13,"column":56},"end":{"line":24,"column":1}},"line":13},"3":{"name":"(anonymous_3)","decl":{"start":{"line":26,"column":26},"end":{"line":26,"column":27}},"loc":{"start":{"line":27,"column":2},"end":{"line":38,"column":8}},"line":27}},"branchMap":{"0":{"loc":{"start":{"line":26,"column":40},"end":{"line":26,"column":57}},"type":"default-arg","locations":[{"start":{"line":26,"column":55},"end":{"line":26,"column":57}}],"line":26},"1":{"loc":{"start":{"line":26,"column":59},"end":{"line":26,"column":72}},"type":"default-arg","locations":[{"start":{"line":26,"column":66},"end":{"line":26,"column":72}}],"line":26}},"s":{"0":2,"1":15,"2":2,"3":6,"4":2,"5":3,"6":2,"7":9},"f":{"0":15,"1":6,"2":3,"3":9},"b":{"0":[9],"1":[9]},"_coverageSchema":"1a1c01bbd47fc00a2c39e90264f33305004495a9","hash":"9d3ea7c6d9e6ce0e44d1184d214a23adbb1e8f8a"}
,"/home/josh/tl-vendor-plugin/admin/components/teams/AddTeam.js": {"path":"/home/josh/tl-vendor-plugin/admin/components/teams/AddTeam.js","statementMap":{"0":{"start":{"line":5,"column":16},"end":{"line":13,"column":1}},"1":{"start":{"line":6,"column":22},"end":{"line":6,"column":35}},"2":{"start":{"line":7,"column":29},"end":{"line":7,"column":38}},"3":{"start":{"line":8,"column":22},"end":{"line":11,"column":3}},"4":{"start":{"line":9,"column":4},"end":{"line":9,"column":27}},"5":{"start":{"line":10,"column":4},"end":{"line":10,"column":28}},"6":{"start":{"line":12,"column":2},"end":{"line":12,"column":71}}},"fnMap":{"0":{"name":"(anonymous_0)","decl":{"start":{"line":5,"column":16},"end":{"line":5,"column":17}},"loc":{"start":{"line":5,"column":22},"end":{"line":13,"column":1}},"line":5},"1":{"name":"(anonymous_1)","decl":{"start":{"line":8,"column":22},"end":{"line":8,"column":23}},"loc":{"start":{"line":8,"column":35},"end":{"line":11,"column":3}},"line":8}},"branchMap":{},"s":{"0":3,"1":1,"2":1,"3":1,"4":0,"5":0,"6":1},"f":{"0":1,"1":0},"b":{},"_coverageSchema":"1a1c01bbd47fc00a2c39e90264f33305004495a9","hash":"120523cddd416f25c997eb9ee32037b0b18a1d33"}
,"/home/josh/tl-vendor-plugin/admin/components/teams/EditTeam.js": {"path":"/home/josh/tl-vendor-plugin/admin/components/teams/EditTeam.js","statementMap":{"0":{"start":{"line":9,"column":17},"end":{"line":113,"column":1}},"1":{"start":{"line":10,"column":29},"end":{"line":10,"column":38}},"2":{"start":{"line":11,"column":18},"end":{"line":11,"column":26}},"3":{"start":{"line":12,"column":21},"end":{"line":16,"column":3}},"4":{"start":{"line":13,"column":4},"end":{"line":13,"column":23}},"5":{"start":{"line":14,"column":15},"end":{"line":14,"column":43}},"6":{"start":{"line":15,"column":4},"end":{"line":15,"column":22}},"7":{"start":{"line":17,"column":2},"end":{"line":112,"column":4}},"8":{"start":{"line":106,"column":14},"end":{"line":106,"column":38}}},"fnMap":{"0":{"name":"(anonymous_0)","decl":{"start":{"line":9,"column":17},"end":{"line":9,"column":18}},"loc":{"start":{"line":9,"column":78},"end":{"line":113,"column":1}},"line":9},"1":{"name":"(anonymous_1)","decl":{"start":{"line":12,"column":21},"end":{"line":12,"column":22}},"loc":{"start":{"line":12,"column":28},"end":{"line":16,"column":3}},"line":12},"2":{"name":"(anonymous_2)","decl":{"start":{"line":105,"column":22},"end":{"line":105,"column":23}},"loc":{"start":{"line":105,"column":28},"end":{"line":107,"column":13}},"line":105}},"branchMap":{"0":{"loc":{"start":{"line":9,"column":20},"end":{"line":9,"column":31}},"type":"default-arg","locations":[{"start":{"line":9,"column":27},"end":{"line":9,"column":31}}],"line":9},"1":{"loc":{"start":{"line":9,"column":46},"end":{"line":9,"column":71}},"type":"default-arg","locations":[{"start":{"line":9,"column":58},"end":{"line":9,"column":71}}],"line":9},"2":{"loc":{"start":{"line":88,"column":33},"end":{"line":88,"column":59}},"type":"binary-expr","locations":[{"start":{"line":88,"column":33},"end":{"line":88,"column":53}},{"start":{"line":88,"column":57},"end":{"line":88,"column":59}}],"line":88}},"s":{"0":3,"1":2,"2":2,"3":2,"4":0,"5":0,"6":0,"7":2,"8":0},"f":{"0":2,"1":0,"2":0},"b":{"0":[1],"1":[1],"2":[2,1]},"_coverageSchema":"1a1c01bbd47fc00a2c39e90264f33305004495a9","hash":"8aa76949d3f8969ff81a5bc42145a3f4e2c3467c"}
,"/home/josh/tl-vendor-plugin/admin/components/teams/NoTeams.js": {"path":"/home/josh/tl-vendor-plugin/admin/components/teams/NoTeams.js","statementMap":{"0":{"start":{"line":8,"column":16},"end":{"line":68,"column":1}},"1":{"start":{"line":9,"column":29},"end":{"line":9,"column":38}},"2":{"start":{"line":10,"column":2},"end":{"line":67,"column":4}},"3":{"start":{"line":13,"column":8},"end":{"line":39,"column":11}},"4":{"start":{"line":46,"column":23},"end":{"line":46,"column":50}}},"fnMap":{"0":{"name":"(anonymous_0)","decl":{"start":{"line":8,"column":16},"end":{"line":8,"column":17}},"loc":{"start":{"line":8,"column":22},"end":{"line":68,"column":1}},"line":8},"1":{"name":"(anonymous_1)","decl":{"start":{"line":12,"column":12},"end":{"line":12,"column":13}},"loc":{"start":{"line":13,"column":8},"end":{"line":39,"column":11}},"line":13},"2":{"name":"(anonymous_2)","decl":{"start":{"line":46,"column":17},"end":{"line":46,"column":18}},"loc":{"start":{"line":46,"column":23},"end":{"line":46,"column":50}},"line":46}},"branchMap":{},"s":{"0":3,"1":1,"2":1,"3":1,"4":0},"f":{"0":1,"1":1,"2":0},"b":{},"_coverageSchema":"1a1c01bbd47fc00a2c39e90264f33305004495a9","hash":"4165498d5da61a545a24ec3c4ecaebcffcc770bd"}
,"/home/josh/tl-vendor-plugin/admin/components/teams/TeamsList.js": {"path":"/home/josh/tl-vendor-plugin/admin/components/teams/TeamsList.js","statementMap":{"0":{"start":{"line":12,"column":18},"end":{"line":202,"column":1}},"1":{"start":{"line":13,"column":35},"end":{"line":13,"column":48}},"2":{"start":{"line":14,"column":38},"end":{"line":14,"column":53}},"3":{"start":{"line":15,"column":42},"end":{"line":15,"column":56}},"4":{"start":{"line":16,"column":45},"end":{"line":16,"column":54}},"5":{"start":{"line":17,"column":16},"end":{"line":17,"column":57}},"6":{"start":{"line":17,"column":30},"end":{"line":17,"column":44}},"7":{"start":{"line":18,"column":18},"end":{"line":18,"column":22}},"8":{"start":{"line":24,"column":4},"end":{"line":24,"column":25}},"9":{"start":{"line":25,"column":4},"end":{"line":25,"column":26}},"10":{"start":{"line":32,"column":4},"end":{"line":34,"column":7}},"11":{"start":{"line":33,"column":6},"end":{"line":33,"column":21}},"12":{"start":{"line":41,"column":4},"end":{"line":41,"column":24}},"13":{"start":{"line":42,"column":4},"end":{"line":42,"column":28}},"14":{"start":{"line":46,"column":4},"end":{"line":46,"column":27}},"15":{"start":{"line":47,"column":4},"end":{"line":47,"column":39}},"16":{"start":{"line":50,"column":2},"end":{"line":201,"column":4}},"17":{"start":{"line":75,"column":14},"end":{"line":124,"column":17}},"18":{"start":{"line":104,"column":46},"end":{"line":104,"column":73}},"19":{"start":{"line":130,"column":16},"end":{"line":194,"column":18}},"20":{"start":{"line":136,"column":39},"end":{"line":136,"column":60}},"21":{"start":{"line":180,"column":28},"end":{"line":180,"column":57}},"22":{"start":{"line":181,"column":28},"end":{"line":181,"column":52}},"23":{"start":{"line":187,"column":41},"end":{"line":187,"column":61}}},"fnMap":{"0":{"name":"(anonymous_0)","decl":{"start":{"line":12,"column":18},"end":{"line":12,"column":19}},"loc":{"start":{"line":12,"column":24},"end":{"line":202,"column":1}},"line":12},"1":{"name":"(anonymous_1)","decl":{"start":{"line":17,"column":24},"end":{"line":17,"column":25}},"loc":{"start":{"line":17,"column":30},"end":{"line":17,"column":44}},"line":17},"2":{"name":"cancelDelete","decl":{"start":{"line":23,"column":11},"end":{"line":23,"column":23}},"loc":{"start":{"line":23,"column":26},"end":{"line":26,"column":3}},"line":23},"3":{"name":"completeDelete","decl":{"start":{"line":31,"column":11},"end":{"line":31,"column":25}},"loc":{"start":{"line":31,"column":28},"end":{"line":35,"column":3}},"line":31},"4":{"name":"(anonymous_4)","decl":{"start":{"line":32,"column":29},"end":{"line":32,"column":30}},"loc":{"start":{"line":32,"column":35},"end":{"line":34,"column":5}},"line":32},"5":{"name":"startDelete","decl":{"start":{"line":40,"column":11},"end":{"line":40,"column":22}},"loc":{"start":{"line":40,"column":31},"end":{"line":43,"column":3}},"line":40},"6":{"name":"goToAccesKey","decl":{"start":{"line":45,"column":11},"end":{"line":45,"column":23}},"loc":{"start":{"line":45,"column":32},"end":{"line":48,"column":3}},"line":45},"7":{"name":"(anonymous_7)","decl":{"start":{"line":74,"column":20},"end":{"line":74,"column":21}},"loc":{"start":{"line":75,"column":14},"end":{"line":124,"column":17}},"line":75},"8":{"name":"(anonymous_8)","decl":{"start":{"line":104,"column":40},"end":{"line":104,"column":41}},"loc":{"start":{"line":104,"column":46},"end":{"line":104,"column":73}},"line":104},"9":{"name":"(anonymous_9)","decl":{"start":{"line":129,"column":25},"end":{"line":129,"column":26}},"loc":{"start":{"line":129,"column":35},"end":{"line":195,"column":15}},"line":129},"10":{"name":"(anonymous_10)","decl":{"start":{"line":136,"column":33},"end":{"line":136,"column":34}},"loc":{"start":{"line":136,"column":39},"end":{"line":136,"column":60}},"line":136},"11":{"name":"(anonymous_11)","decl":{"start":{"line":179,"column":35},"end":{"line":179,"column":36}},"loc":{"start":{"line":179,"column":41},"end":{"line":182,"column":27}},"line":179},"12":{"name":"(anonymous_12)","decl":{"start":{"line":187,"column":35},"end":{"line":187,"column":36}},"loc":{"start":{"line":187,"column":41},"end":{"line":187,"column":61}},"line":187}},"branchMap":{"0":{"loc":{"start":{"line":52,"column":7},"end":{"line":199,"column":7}},"type":"cond-expr","locations":[{"start":{"line":53,"column":8},"end":{"line":68,"column":25}},{"start":{"line":70,"column":8},"end":{"line":198,"column":14}}],"line":52}},"s":{"0":2,"1":3,"2":3,"3":3,"4":3,"5":3,"6":3,"7":3,"8":0,"9":0,"10":0,"11":0,"12":0,"13":0,"14":0,"15":0,"16":3,"17":3,"18":0,"19":3,"20":0,"21":0,"22":0,"23":0},"f":{"0":3,"1":3,"2":0,"3":0,"4":0,"5":0,"6":0,"7":3,"8":0,"9":3,"10":0,"11":0,"12":0},"b":{"0":[0,3]},"_coverageSchema":"1a1c01bbd47fc00a2c39e90264f33305004495a9","hash":"2ca25bc3cdc661f6d99042f4f8446a0b164c6299"}
,"/home/josh/tl-vendor-plugin/admin/components/teams/TeamsSettings.js": {"path":"/home/josh/tl-vendor-plugin/admin/components/teams/TeamsSettings.js","statementMap":{"0":{"start":{"line":8,"column":22},"end":{"line":44,"column":1}},"1":{"start":{"line":9,"column":55},"end":{"line":9,"column":64}},"2":{"start":{"line":10,"column":41},"end":{"line":10,"column":54}},"3":{"start":{"line":12,"column":15},"end":{"line":17,"column":28}},"4":{"start":{"line":13,"column":4},"end":{"line":15,"column":5}},"5":{"start":{"line":14,"column":6},"end":{"line":14,"column":34}},"6":{"start":{"line":16,"column":4},"end":{"line":16,"column":16}},"7":{"start":{"line":19,"column":2},"end":{"line":37,"column":3}},"8":{"start":{"line":20,"column":4},"end":{"line":36,"column":6}},"9":{"start":{"line":24,"column":10},"end":{"line":32,"column":12}},"10":{"start":{"line":33,"column":10},"end":{"line":33,"column":34}},"11":{"start":{"line":39,"column":2},"end":{"line":41,"column":3}},"12":{"start":{"line":40,"column":4},"end":{"line":40,"column":60}},"13":{"start":{"line":43,"column":2},"end":{"line":43,"column":23}}},"fnMap":{"0":{"name":"(anonymous_0)","decl":{"start":{"line":8,"column":22},"end":{"line":8,"column":23}},"loc":{"start":{"line":8,"column":28},"end":{"line":44,"column":1}},"line":8},"1":{"name":"(anonymous_1)","decl":{"start":{"line":12,"column":23},"end":{"line":12,"column":24}},"loc":{"start":{"line":12,"column":29},"end":{"line":17,"column":3}},"line":12},"2":{"name":"(anonymous_2)","decl":{"start":{"line":23,"column":21},"end":{"line":23,"column":22}},"loc":{"start":{"line":23,"column":37},"end":{"line":34,"column":9}},"line":23}},"branchMap":{"0":{"loc":{"start":{"line":13,"column":4},"end":{"line":15,"column":5}},"type":"if","locations":[{"start":{"line":13,"column":4},"end":{"line":15,"column":5}},{"start":{},"end":{}}],"line":13},"1":{"loc":{"start":{"line":19,"column":2},"end":{"line":37,"column":3}},"type":"if","locations":[{"start":{"line":19,"column":2},"end":{"line":37,"column":3}},{"start":{},"end":{}}],"line":19},"2":{"loc":{"start":{"line":27,"column":18},"end":{"line":29,"column":42}},"type":"cond-expr","locations":[{"start":{"line":28,"column":18},"end":{"line":28,"column":25}},{"start":{"line":29,"column":18},"end":{"line":29,"column":42}}],"line":27},"3":{"loc":{"start":{"line":39,"column":2},"end":{"line":41,"column":3}},"type":"if","locations":[{"start":{"line":39,"column":2},"end":{"line":41,"column":3}},{"start":{},"end":{}}],"line":39}},"s":{"0":2,"1":3,"2":3,"3":3,"4":3,"5":0,"6":3,"7":3,"8":0,"9":0,"10":0,"11":3,"12":0,"13":3},"f":{"0":3,"1":3,"2":0},"b":{"0":[0,3],"1":[0,3],"2":[0,0],"3":[0,3]},"_coverageSchema":"1a1c01bbd47fc00a2c39e90264f33305004495a9","hash":"9a9cce7b40d07d752b10841c5c92f8c07c0dbfd5"}
,"/home/josh/tl-vendor-plugin/admin/components/teams/collectTeam.js": {"path":"/home/josh/tl-vendor-plugin/admin/components/teams/collectTeam.js","statementMap":{"0":{"start":{"line":4,"column":13},"end":{"line":4,"column":15}},"1":{"start":{"line":5,"column":15},"end":{"line":5,"column":40}},"2":{"start":{"line":6,"column":2},"end":{"line":8,"column":3}},"3":{"start":{"line":7,"column":4},"end":{"line":7,"column":22}},"4":{"start":{"line":9,"column":12},"end":{"line":9,"column":40}},"5":{"start":{"line":10,"column":2},"end":{"line":14,"column":3}},"6":{"start":{"line":11,"column":4},"end":{"line":11,"column":28}},"7":{"start":{"line":13,"column":4},"end":{"line":13,"column":19}},"8":{"start":{"line":15,"column":2},"end":{"line":15,"column":14}}},"fnMap":{"0":{"name":"collectTeam","decl":{"start":{"line":3,"column":24},"end":{"line":3,"column":35}},"loc":{"start":{"line":3,"column":49},"end":{"line":16,"column":1}},"line":3}},"branchMap":{"0":{"loc":{"start":{"line":10,"column":2},"end":{"line":14,"column":3}},"type":"if","locations":[{"start":{"line":10,"column":2},"end":{"line":14,"column":3}},{"start":{"line":12,"column":9},"end":{"line":14,"column":3}}],"line":10}},"s":{"0":0,"1":0,"2":0,"3":0,"4":0,"5":0,"6":0,"7":0,"8":0},"f":{"0":0},"b":{"0":[0,0]},"_coverageSchema":"1a1c01bbd47fc00a2c39e90264f33305004495a9","hash":"cd456859278bffb9d10fcd67e08da35d1ec6b3be"}
,"/home/josh/tl-vendor-plugin/admin/components/teams/fields.js": {"path":"/home/josh/tl-vendor-plugin/admin/components/teams/fields.js","statementMap":{"0":{"start":{"line":3,"column":31},"end":{"line":10,"column":1}},"1":{"start":{"line":4,"column":2},"end":{"line":9,"column":8}},"2":{"start":{"line":12,"column":30},"end":{"line":19,"column":1}},"3":{"start":{"line":13,"column":2},"end":{"line":18,"column":8}},"4":{"start":{"line":20,"column":26},"end":{"line":38,"column":1}},"5":{"start":{"line":27,"column":2},"end":{"line":37,"column":4}},"6":{"start":{"line":40,"column":27},"end":{"line":51,"column":1}},"7":{"start":{"line":41,"column":2},"end":{"line":50,"column":4}}},"fnMap":{"0":{"name":"(anonymous_0)","decl":{"start":{"line":3,"column":31},"end":{"line":3,"column":32}},"loc":{"start":{"line":4,"column":2},"end":{"line":9,"column":8}},"line":4},"1":{"name":"(anonymous_1)","decl":{"start":{"line":12,"column":30},"end":{"line":12,"column":31}},"loc":{"start":{"line":13,"column":2},"end":{"line":18,"column":8}},"line":13},"2":{"name":"(anonymous_2)","decl":{"start":{"line":20,"column":26},"end":{"line":20,"column":27}},"loc":{"start":{"line":26,"column":6},"end":{"line":38,"column":1}},"line":26},"3":{"name":"(anonymous_3)","decl":{"start":{"line":40,"column":27},"end":{"line":40,"column":28}},"loc":{"start":{"line":40,"column":62},"end":{"line":51,"column":1}},"line":40}},"branchMap":{"0":{"loc":{"start":{"line":24,"column":2},"end":{"line":24,"column":15}},"type":"default-arg","locations":[{"start":{"line":24,"column":9},"end":{"line":24,"column":15}}],"line":24},"1":{"loc":{"start":{"line":25,"column":2},"end":{"line":25,"column":21}},"type":"default-arg","locations":[{"start":{"line":25,"column":17},"end":{"line":25,"column":21}}],"line":25}},"s":{"0":4,"1":4,"2":4,"3":7,"4":4,"5":6,"6":4,"7":2},"f":{"0":4,"1":7,"2":6,"3":2},"b":{"0":[0],"1":[3]},"_coverageSchema":"1a1c01bbd47fc00a2c39e90264f33305004495a9","hash":"932ed85d6645ef7a9155158eb59dd1eed206c9c4"}
,"/home/josh/tl-vendor-plugin/admin/components/teams/teamFields.js": {"path":"/home/josh/tl-vendor-plugin/admin/components/teams/teamFields.js","statementMap":{"0":{"start":{"line":3,"column":19},"end":{"line":25,"column":1}}},"fnMap":{},"branchMap":{},"s":{"0":3},"f":{},"b":{},"_coverageSchema":"1a1c01bbd47fc00a2c39e90264f33305004495a9","hash":"5e2f36fbdb3107d19f21c9c6901d2ea0a025215f"}
,"/home/josh/tl-vendor-plugin/admin/hooks/useSettings.js": {"path":"/home/josh/tl-vendor-plugin/admin/hooks/useSettings.js","statementMap":{"0":{"start":{"line":3,"column":24},"end":{"line":10,"column":1}},"1":{"start":{"line":12,"column":18},"end":{"line":18,"column":1}},"2":{"start":{"line":19,"column":24},"end":{"line":19,"column":54}},"3":{"start":{"line":24,"column":27},"end":{"line":201,"column":1}},"4":{"start":{"line":26,"column":20},"end":{"line":26,"column":28}},"5":{"start":{"line":28,"column":4},"end":{"line":28,"column":31}},"6":{"start":{"line":30,"column":23},"end":{"line":38,"column":3}},"7":{"start":{"line":31,"column":4},"end":{"line":36,"column":7}},"8":{"start":{"line":32,"column":6},"end":{"line":35,"column":8}},"9":{"start":{"line":37,"column":4},"end":{"line":37,"column":40}},"10":{"start":{"line":43,"column":18},"end":{"line":62,"column":3}},"11":{"start":{"line":44,"column":4},"end":{"line":44,"column":80}},"12":{"start":{"line":45,"column":18},"end":{"line":45,"column":43}},"13":{"start":{"line":47,"column":4},"end":{"line":53,"column":5}},"14":{"start":{"line":48,"column":6},"end":{"line":48,"column":42}},"15":{"start":{"line":49,"column":6},"end":{"line":51,"column":7}},"16":{"start":{"line":50,"column":8},"end":{"line":50,"column":23}},"17":{"start":{"line":52,"column":6},"end":{"line":52,"column":13}},"18":{"start":{"line":55,"column":4},"end":{"line":61,"column":7}},"19":{"start":{"line":57,"column":6},"end":{"line":57,"column":26}},"20":{"start":{"line":58,"column":6},"end":{"line":60,"column":7}},"21":{"start":{"line":59,"column":8},"end":{"line":59,"column":23}},"22":{"start":{"line":67,"column":21},"end":{"line":89,"column":3}},"23":{"start":{"line":68,"column":18},"end":{"line":68,"column":65}},"24":{"start":{"line":68,"column":50},"end":{"line":68,"column":64}},"25":{"start":{"line":69,"column":4},"end":{"line":88,"column":9}},"26":{"start":{"line":72,"column":47},"end":{"line":72,"column":61}},"27":{"start":{"line":75,"column":8},"end":{"line":75,"column":31}},"28":{"start":{"line":76,"column":8},"end":{"line":76,"column":28}},"29":{"start":{"line":77,"column":8},"end":{"line":81,"column":11}},"30":{"start":{"line":82,"column":8},"end":{"line":84,"column":9}},"31":{"start":{"line":83,"column":10},"end":{"line":83,"column":21}},"32":{"start":{"line":87,"column":8},"end":{"line":87,"column":25}},"33":{"start":{"line":94,"column":18},"end":{"line":126,"column":3}},"34":{"start":{"line":95,"column":18},"end":{"line":100,"column":6}},"35":{"start":{"line":96,"column":6},"end":{"line":98,"column":7}},"36":{"start":{"line":97,"column":8},"end":{"line":97,"column":20}},"37":{"start":{"line":99,"column":6},"end":{"line":99,"column":15}},"38":{"start":{"line":102,"column":4},"end":{"line":108,"column":5}},"39":{"start":{"line":103,"column":6},"end":{"line":106,"column":9}},"40":{"start":{"line":107,"column":6},"end":{"line":107,"column":13}},"41":{"start":{"line":110,"column":4},"end":{"line":125,"column":9}},"42":{"start":{"line":116,"column":8},"end":{"line":116,"column":28}},"43":{"start":{"line":117,"column":8},"end":{"line":121,"column":11}},"44":{"start":{"line":124,"column":8},"end":{"line":124,"column":25}},"45":{"start":{"line":131,"column":18},"end":{"line":135,"column":3}},"46":{"start":{"line":132,"column":4},"end":{"line":134,"column":6}},"47":{"start":{"line":133,"column":48},"end":{"line":133,"column":78}},"48":{"start":{"line":140,"column":18},"end":{"line":142,"column":3}},"49":{"start":{"line":141,"column":4},"end":{"line":141,"column":57}},"50":{"start":{"line":141,"column":41},"end":{"line":141,"column":55}},"51":{"start":{"line":145,"column":18},"end":{"line":147,"column":22}},"52":{"start":{"line":146,"column":4},"end":{"line":146,"column":37}},"53":{"start":{"line":150,"column":17},"end":{"line":164,"column":3}},"54":{"start":{"line":151,"column":4},"end":{"line":163,"column":9}},"55":{"start":{"line":154,"column":8},"end":{"line":154,"column":28}},"56":{"start":{"line":155,"column":8},"end":{"line":159,"column":11}},"57":{"start":{"line":162,"column":8},"end":{"line":162,"column":25}},"58":{"start":{"line":167,"column":36},"end":{"line":186,"column":3}},"59":{"start":{"line":171,"column":4},"end":{"line":185,"column":9}},"60":{"start":{"line":174,"column":8},"end":{"line":176,"column":9}},"61":{"start":{"line":175,"column":10},"end":{"line":175,"column":53}},"62":{"start":{"line":177,"column":8},"end":{"line":181,"column":11}},"63":{"start":{"line":184,"column":8},"end":{"line":184,"column":25}},"64":{"start":{"line":188,"column":2},"end":{"line":200,"column":4}},"65":{"start":{"line":210,"column":34},"end":{"line":227,"column":4}},"66":{"start":{"line":214,"column":4},"end":{"line":226,"column":5}},"67":{"start":{"line":215,"column":18},"end":{"line":215,"column":33}},"68":{"start":{"line":216,"column":6},"end":{"line":218,"column":7}},"69":{"start":{"line":217,"column":8},"end":{"line":217,"column":35}},"70":{"start":{"line":219,"column":6},"end":{"line":221,"column":7}},"71":{"start":{"line":220,"column":8},"end":{"line":220,"column":56}},"72":{"start":{"line":223,"column":6},"end":{"line":223,"column":19}},"73":{"start":{"line":225,"column":6},"end":{"line":225,"column":29}},"74":{"start":{"line":230,"column":2},"end":{"line":245,"column":39}},"75":{"start":{"line":233,"column":4},"end":{"line":235,"column":5}},"76":{"start":{"line":234,"column":6},"end":{"line":234,"column":13}},"77":{"start":{"line":238,"column":4},"end":{"line":244,"column":7}},"78":{"start":{"line":239,"column":6},"end":{"line":243,"column":9}},"79":{"start":{"line":247,"column":2},"end":{"line":257,"column":4}}},"fnMap":{"0":{"name":"(anonymous_0)","decl":{"start":{"line":24,"column":27},"end":{"line":24,"column":28}},"loc":{"start":{"line":24,"column":33},"end":{"line":201,"column":1}},"line":24},"1":{"name":"(anonymous_1)","decl":{"start":{"line":26,"column":20},"end":{"line":26,"column":21}},"loc":{"start":{"line":26,"column":26},"end":{"line":26,"column":28}},"line":26},"2":{"name":"(anonymous_2)","decl":{"start":{"line":30,"column":23},"end":{"line":30,"column":24}},"loc":{"start":{"line":30,"column":34},"end":{"line":38,"column":3}},"line":30},"3":{"name":"(anonymous_3)","decl":{"start":{"line":31,"column":22},"end":{"line":31,"column":23}},"loc":{"start":{"line":31,"column":32},"end":{"line":36,"column":5}},"line":31},"4":{"name":"(anonymous_4)","decl":{"start":{"line":43,"column":18},"end":{"line":43,"column":19}},"loc":{"start":{"line":43,"column":59},"end":{"line":62,"column":3}},"line":43},"5":{"name":"(anonymous_5)","decl":{"start":{"line":55,"column":39},"end":{"line":55,"column":40}},"loc":{"start":{"line":55,"column":54},"end":{"line":61,"column":5}},"line":55},"6":{"name":"(anonymous_6)","decl":{"start":{"line":67,"column":21},"end":{"line":67,"column":22}},"loc":{"start":{"line":67,"column":46},"end":{"line":89,"column":3}},"line":67},"7":{"name":"(anonymous_7)","decl":{"start":{"line":68,"column":40},"end":{"line":68,"column":41}},"loc":{"start":{"line":68,"column":50},"end":{"line":68,"column":64}},"line":68},"8":{"name":"(anonymous_8)","decl":{"start":{"line":72,"column":37},"end":{"line":72,"column":38}},"loc":{"start":{"line":72,"column":47},"end":{"line":72,"column":61}},"line":72},"9":{"name":"(anonymous_9)","decl":{"start":{"line":74,"column":12},"end":{"line":74,"column":13}},"loc":{"start":{"line":74,"column":27},"end":{"line":85,"column":7}},"line":74},"10":{"name":"(anonymous_10)","decl":{"start":{"line":86,"column":13},"end":{"line":86,"column":14}},"loc":{"start":{"line":86,"column":22},"end":{"line":88,"column":7}},"line":86},"11":{"name":"(anonymous_11)","decl":{"start":{"line":94,"column":18},"end":{"line":94,"column":19}},"loc":{"start":{"line":94,"column":42},"end":{"line":126,"column":3}},"line":94},"12":{"name":"(anonymous_12)","decl":{"start":{"line":95,"column":37},"end":{"line":95,"column":38}},"loc":{"start":{"line":95,"column":44},"end":{"line":100,"column":5}},"line":95},"13":{"name":"(anonymous_13)","decl":{"start":{"line":115,"column":12},"end":{"line":115,"column":13}},"loc":{"start":{"line":115,"column":27},"end":{"line":122,"column":7}},"line":115},"14":{"name":"(anonymous_14)","decl":{"start":{"line":123,"column":13},"end":{"line":123,"column":14}},"loc":{"start":{"line":123,"column":22},"end":{"line":125,"column":7}},"line":123},"15":{"name":"(anonymous_15)","decl":{"start":{"line":131,"column":18},"end":{"line":131,"column":19}},"loc":{"start":{"line":131,"column":34},"end":{"line":135,"column":3}},"line":131},"16":{"name":"(anonymous_16)","decl":{"start":{"line":133,"column":38},"end":{"line":133,"column":39}},"loc":{"start":{"line":133,"column":48},"end":{"line":133,"column":78}},"line":133},"17":{"name":"(anonymous_17)","decl":{"start":{"line":140,"column":18},"end":{"line":140,"column":19}},"loc":{"start":{"line":140,"column":26},"end":{"line":142,"column":3}},"line":140},"18":{"name":"(anonymous_18)","decl":{"start":{"line":141,"column":31},"end":{"line":141,"column":32}},"loc":{"start":{"line":141,"column":41},"end":{"line":141,"column":55}},"line":141},"19":{"name":"(anonymous_19)","decl":{"start":{"line":145,"column":26},"end":{"line":145,"column":27}},"loc":{"start":{"line":145,"column":32},"end":{"line":147,"column":3}},"line":145},"20":{"name":"(anonymous_20)","decl":{"start":{"line":150,"column":17},"end":{"line":150,"column":18}},"loc":{"start":{"line":150,"column":23},"end":{"line":164,"column":3}},"line":150},"21":{"name":"(anonymous_21)","decl":{"start":{"line":153,"column":12},"end":{"line":153,"column":13}},"loc":{"start":{"line":153,"column":27},"end":{"line":160,"column":7}},"line":153},"22":{"name":"(anonymous_22)","decl":{"start":{"line":161,"column":13},"end":{"line":161,"column":14}},"loc":{"start":{"line":161,"column":22},"end":{"line":163,"column":7}},"line":161},"23":{"name":"(anonymous_23)","decl":{"start":{"line":167,"column":36},"end":{"line":167,"column":37}},"loc":{"start":{"line":170,"column":8},"end":{"line":186,"column":3}},"line":170},"24":{"name":"(anonymous_24)","decl":{"start":{"line":173,"column":12},"end":{"line":173,"column":13}},"loc":{"start":{"line":173,"column":34},"end":{"line":182,"column":7}},"line":173},"25":{"name":"(anonymous_25)","decl":{"start":{"line":183,"column":13},"end":{"line":183,"column":14}},"loc":{"start":{"line":183,"column":22},"end":{"line":185,"column":7}},"line":183},"26":{"name":"SettingsProvider","decl":{"start":{"line":203,"column":24},"end":{"line":203,"column":40}},"loc":{"start":{"line":209,"column":3},"end":{"line":258,"column":1}},"line":209},"27":{"name":"(anonymous_27)","decl":{"start":{"line":210,"column":43},"end":{"line":210,"column":44}},"loc":{"start":{"line":210,"column":49},"end":{"line":227,"column":3}},"line":210},"28":{"name":"(anonymous_28)","decl":{"start":{"line":230,"column":12},"end":{"line":230,"column":13}},"loc":{"start":{"line":230,"column":18},"end":{"line":245,"column":3}},"line":230},"29":{"name":"(anonymous_29)","decl":{"start":{"line":238,"column":27},"end":{"line":238,"column":28}},"loc":{"start":{"line":238,"column":56},"end":{"line":244,"column":5}},"line":238}},"branchMap":{"0":{"loc":{"start":{"line":43,"column":25},"end":{"line":43,"column":37}},"type":"default-arg","locations":[{"start":{"line":43,"column":32},"end":{"line":43,"column":37}}],"line":43},"1":{"loc":{"start":{"line":43,"column":39},"end":{"line":43,"column":54}},"type":"default-arg","locations":[{"start":{"line":43,"column":50},"end":{"line":43,"column":54}}],"line":43},"2":{"loc":{"start":{"line":47,"column":4},"end":{"line":53,"column":5}},"type":"if","locations":[{"start":{"line":47,"column":4},"end":{"line":53,"column":5}},{"start":{},"end":{}}],"line":47},"3":{"loc":{"start":{"line":49,"column":6},"end":{"line":51,"column":7}},"type":"if","locations":[{"start":{"line":49,"column":6},"end":{"line":51,"column":7}},{"start":{},"end":{}}],"line":49},"4":{"loc":{"start":{"line":58,"column":6},"end":{"line":60,"column":7}},"type":"if","locations":[{"start":{"line":58,"column":6},"end":{"line":60,"column":7}},{"start":{},"end":{}}],"line":58},"5":{"loc":{"start":{"line":67,"column":26},"end":{"line":67,"column":41}},"type":"default-arg","locations":[{"start":{"line":67,"column":37},"end":{"line":67,"column":41}}],"line":67},"6":{"loc":{"start":{"line":82,"column":8},"end":{"line":84,"column":9}},"type":"if","locations":[{"start":{"line":82,"column":8},"end":{"line":84,"column":9}},{"start":{},"end":{}}],"line":82},"7":{"loc":{"start":{"line":94,"column":25},"end":{"line":94,"column":37}},"type":"default-arg","locations":[{"start":{"line":94,"column":32},"end":{"line":94,"column":37}}],"line":94},"8":{"loc":{"start":{"line":96,"column":6},"end":{"line":98,"column":7}},"type":"if","locations":[{"start":{"line":96,"column":6},"end":{"line":98,"column":7}},{"start":{},"end":{}}],"line":96},"9":{"loc":{"start":{"line":102,"column":4},"end":{"line":108,"column":5}},"type":"if","locations":[{"start":{"line":102,"column":4},"end":{"line":108,"column":5}},{"start":{},"end":{}}],"line":102},"10":{"loc":{"start":{"line":169,"column":4},"end":{"line":169,"column":23}},"type":"default-arg","locations":[{"start":{"line":169,"column":18},"end":{"line":169,"column":23}}],"line":169},"11":{"loc":{"start":{"line":174,"column":8},"end":{"line":176,"column":9}},"type":"if","locations":[{"start":{"line":174,"column":8},"end":{"line":176,"column":9}},{"start":{},"end":{}}],"line":174},"12":{"loc":{"start":{"line":207,"column":2},"end":{"line":207,"column":21}},"type":"default-arg","locations":[{"start":{"line":207,"column":17},"end":{"line":207,"column":21}}],"line":207},"13":{"loc":{"start":{"line":208,"column":2},"end":{"line":208,"column":35}},"type":"default-arg","locations":[{"start":{"line":208,"column":31},"end":{"line":208,"column":35}}],"line":208},"14":{"loc":{"start":{"line":214,"column":4},"end":{"line":226,"column":5}},"type":"if","locations":[{"start":{"line":214,"column":4},"end":{"line":226,"column":5}},{"start":{"line":224,"column":11},"end":{"line":226,"column":5}}],"line":214},"15":{"loc":{"start":{"line":214,"column":8},"end":{"line":214,"column":68}},"type":"binary-expr","locations":[{"start":{"line":214,"column":8},"end":{"line":214,"column":29}},{"start":{"line":214,"column":33},"end":{"line":214,"column":68}}],"line":214},"16":{"loc":{"start":{"line":216,"column":6},"end":{"line":218,"column":7}},"type":"if","locations":[{"start":{"line":216,"column":6},"end":{"line":218,"column":7}},{"start":{},"end":{}}],"line":216},"17":{"loc":{"start":{"line":219,"column":6},"end":{"line":221,"column":7}},"type":"if","locations":[{"start":{"line":219,"column":6},"end":{"line":221,"column":7}},{"start":{},"end":{}}],"line":219},"18":{"loc":{"start":{"line":233,"column":4},"end":{"line":235,"column":5}},"type":"if","locations":[{"start":{"line":233,"column":4},"end":{"line":235,"column":5}},{"start":{},"end":{}}],"line":233},"19":{"loc":{"start":{"line":233,"column":8},"end":{"line":233,"column":68}},"type":"binary-expr","locations":[{"start":{"line":233,"column":8},"end":{"line":233,"column":29}},{"start":{"line":233,"column":33},"end":{"line":233,"column":68}}],"line":233}},"s":{"0":6,"1":6,"2":6,"3":6,"4":31,"5":31,"6":31,"7":0,"8":0,"9":0,"10":31,"11":0,"12":0,"13":0,"14":0,"15":0,"16":0,"17":0,"18":0,"19":0,"20":0,"21":0,"22":31,"23":0,"24":0,"25":0,"26":0,"27":0,"28":0,"29":0,"30":0,"31":0,"32":0,"33":31,"34":0,"35":0,"36":0,"37":0,"38":0,"39":0,"40":0,"41":0,"42":0,"43":0,"44":0,"45":31,"46":0,"47":0,"48":31,"49":0,"50":0,"51":31,"52":31,"53":31,"54":0,"55":0,"56":0,"57":0,"58":31,"59":0,"60":0,"61":0,"62":0,"63":0,"64":31,"65":14,"66":14,"67":14,"68":14,"69":14,"70":14,"71":0,"72":14,"73":0,"74":14,"75":12,"76":12,"77":0,"78":0,"79":14},"f":{"0":31,"1":0,"2":0,"3":0,"4":0,"5":0,"6":0,"7":0,"8":0,"9":0,"10":0,"11":0,"12":0,"13":0,"14":0,"15":0,"16":0,"17":0,"18":0,"19":31,"20":0,"21":0,"22":0,"23":0,"24":0,"25":0,"26":14,"27":14,"28":12,"29":0},"b":{"0":[0],"1":[0],"2":[0,0],"3":[0,0],"4":[0,0],"5":[0],"6":[0,0],"7":[0],"8":[0,0],"9":[0,0],"10":[0],"11":[0,0],"12":[0],"13":[10],"14":[14,0],"15":[14,0],"16":[14,0],"17":[0,14],"18":[12,0],"19":[12,0]},"_coverageSchema":"1a1c01bbd47fc00a2c39e90264f33305004495a9","hash":"f063dec4e12fbfcf0104fb311c9e2c78114e344e"}
,"/home/josh/tl-vendor-plugin/admin/hooks/useView.js": {"path":"/home/josh/tl-vendor-plugin/admin/hooks/useView.js","statementMap":{"0":{"start":{"line":4,"column":20},"end":{"line":4,"column":35}},"1":{"start":{"line":6,"column":23},"end":{"line":9,"column":1}},"2":{"start":{"line":7,"column":18},"end":{"line":7,"column":41}},"3":{"start":{"line":8,"column":2},"end":{"line":8,"column":17}},"4":{"start":{"line":12,"column":27},"end":{"line":12,"column":40}},"5":{"start":{"line":15,"column":40},"end":{"line":20,"column":4}},"6":{"start":{"line":16,"column":4},"end":{"line":18,"column":5}},"7":{"start":{"line":17,"column":6},"end":{"line":17,"column":34}},"8":{"start":{"line":19,"column":4},"end":{"line":19,"column":49}},"9":{"start":{"line":25,"column":40},"end":{"line":25,"column":55}},"10":{"start":{"line":29,"column":2},"end":{"line":33,"column":20}},"11":{"start":{"line":30,"column":4},"end":{"line":32,"column":5}},"12":{"start":{"line":31,"column":6},"end":{"line":31,"column":28}},"13":{"start":{"line":34,"column":2},"end":{"line":44,"column":4}}},"fnMap":{"0":{"name":"(anonymous_0)","decl":{"start":{"line":6,"column":23},"end":{"line":6,"column":24}},"loc":{"start":{"line":6,"column":29},"end":{"line":9,"column":1}},"line":6},"1":{"name":"ViewProvider","decl":{"start":{"line":11,"column":24},"end":{"line":11,"column":36}},"loc":{"start":{"line":11,"column":71},"end":{"line":45,"column":1}},"line":11},"2":{"name":"(anonymous_2)","decl":{"start":{"line":15,"column":49},"end":{"line":15,"column":50}},"loc":{"start":{"line":15,"column":55},"end":{"line":20,"column":3}},"line":15},"3":{"name":"(anonymous_3)","decl":{"start":{"line":29,"column":12},"end":{"line":29,"column":13}},"loc":{"start":{"line":29,"column":18},"end":{"line":33,"column":3}},"line":29}},"branchMap":{"0":{"loc":{"start":{"line":11,"column":49},"end":{"line":11,"column":67}},"type":"default-arg","locations":[{"start":{"line":11,"column":63},"end":{"line":11,"column":67}}],"line":11},"1":{"loc":{"start":{"line":16,"column":4},"end":{"line":18,"column":5}},"type":"if","locations":[{"start":{"line":16,"column":4},"end":{"line":18,"column":5}},{"start":{},"end":{}}],"line":16},"2":{"loc":{"start":{"line":19,"column":11},"end":{"line":19,"column":48}},"type":"cond-expr","locations":[{"start":{"line":19,"column":26},"end":{"line":19,"column":33}},{"start":{"line":19,"column":36},"end":{"line":19,"column":48}}],"line":19},"3":{"loc":{"start":{"line":30,"column":4},"end":{"line":32,"column":5}},"type":"if","locations":[{"start":{"line":30,"column":4},"end":{"line":32,"column":5}},{"start":{},"end":{}}],"line":30}},"s":{"0":6,"1":6,"2":22,"3":22,"4":13,"5":13,"6":13,"7":0,"8":13,"9":13,"10":13,"11":11,"12":11,"13":13},"f":{"0":22,"1":13,"2":13,"3":11},"b":{"0":[13],"1":[0,13],"2":[10,3],"3":[11,0]},"_coverageSchema":"1a1c01bbd47fc00a2c39e90264f33305004495a9","hash":"9cf94ad01003ec5a0e4a036e06385e2fc4be97e7"}
,"/home/josh/tl-vendor-plugin/admin/trustedlogin-settings/App.js": {"path":"/home/josh/tl-vendor-plugin/admin/trustedlogin-settings/App.js","statementMap":{"0":{"start":{"line":14,"column":30},"end":{"line":20,"column":4}},"1":{"start":{"line":15,"column":4},"end":{"line":19,"column":6}},"2":{"start":{"line":22,"column":2},"end":{"line":37,"column":4}}},"fnMap":{"0":{"name":"App","decl":{"start":{"line":7,"column":24},"end":{"line":7,"column":27}},"loc":{"start":{"line":13,"column":3},"end":{"line":38,"column":1}},"line":13},"1":{"name":"(anonymous_1)","decl":{"start":{"line":14,"column":39},"end":{"line":14,"column":40}},"loc":{"start":{"line":14,"column":45},"end":{"line":20,"column":3}},"line":14}},"branchMap":{"0":{"loc":{"start":{"line":11,"column":2},"end":{"line":11,"column":21}},"type":"default-arg","locations":[{"start":{"line":11,"column":17},"end":{"line":11,"column":21}}],"line":11},"1":{"loc":{"start":{"line":12,"column":2},"end":{"line":12,"column":35}},"type":"default-arg","locations":[{"start":{"line":12,"column":31},"end":{"line":12,"column":35}}],"line":12}},"s":{"0":2,"1":2,"2":2},"f":{"0":2,"1":2},"b":{"0":[0],"1":[2]},"_coverageSchema":"1a1c01bbd47fc00a2c39e90264f33305004495a9","hash":"e2ad0dfae9c46436baf754f2a1c17acea83c4cff"}
}
