TN:
SF:admin/components/AccessKeyForm.js
FN:7,(anonymous_0)
FN:12,(anonymous_1)
FN:19,(anonymous_2)
FN:23,(anonymous_3)
FN:32,(anonymous_4)
FN:44,(anonymous_5)
FN:78,(anonymous_6)
FN:84,(anonymous_7)
FN:100,(anonymous_8)
FNF:9
FNH:6
FNDA:1,(anonymous_0)
FNDA:1,(anonymous_1)
FNDA:1,(anonymous_2)
FNDA:1,(anonymous_3)
FNDA:1,(anonymous_4)
FNDA:1,(anonymous_5)
FNDA:0,(anonymous_6)
FNDA:0,(anonymous_7)
FNDA:0,(anonymous_8)
DA:7,3
DA:8,1
DA:9,1
DA:12,1
DA:13,1
DA:16,1
DA:19,1
DA:20,1
DA:21,0
DA:23,1
DA:24,1
DA:32,1
DA:33,1
DA:34,1
DA:36,0
DA:37,0
DA:38,0
DA:39,0
DA:41,0
DA:44,1
DA:45,1
DA:46,1
DA:50,1
DA:78,0
DA:85,0
DA:100,0
LF:26
LH:17
BRDA:7,0,0,0
BRDA:13,1,0,1
BRDA:13,1,1,0
BRDA:13,2,0,1
BRDA:13,2,1,1
BRDA:20,3,0,0
BRDA:20,3,1,1
BRDA:33,4,0,1
BRDA:33,4,1,0
BRDA:33,5,0,1
BRDA:33,5,1,1
BRDA:33,5,2,0
BRDA:37,6,0,0
BRDA:37,6,1,0
BRDA:38,7,0,0
BRDA:38,7,1,0
BRDA:45,8,0,1
BRDA:45,8,1,0
BRDA:70,9,0,1
BRDA:70,9,1,0
BRF:20
BRH:9
end_of_record
TN:
SF:admin/components/Buttons.js
FN:1,(anonymous_0)
FN:7,(anonymous_1)
FN:15,(anonymous_2)
FN:24,(anonymous_3)
FNF:4
FNH:4
FNDA:7,(anonymous_0)
FNDA:5,(anonymous_1)
FNDA:2,(anonymous_2)
FNDA:2,(anonymous_3)
DA:1,3
DA:2,7
DA:7,3
DA:8,5
DA:15,3
DA:16,2
DA:24,3
DA:30,2
LF:8
LH:8
BRDA:28,0,0,2
BRF:1
BRH:1
end_of_record
TN:
SF:admin/components/GeneralSettings.js
FN:6,(anonymous_0)
FNF:1
FNH:0
FNDA:0,(anonymous_0)
DA:6,2
DA:7,0
LF:2
LH:1
BRF:0
BRH:0
end_of_record
TN:
SF:admin/components/IntegrationSettings.js
FN:6,(anonymous_0)
FNF:1
FNH:0
FNDA:0,(anonymous_0)
DA:6,2
DA:7,0
LF:2
LH:1
BRF:0
BRH:0
end_of_record
TN:
SF:admin/components/Layout.js
FN:5,(anonymous_0)
FN:8,(anonymous_1)
FN:9,(anonymous_2)
FN:126,(anonymous_3)
FN:163,(anonymous_4)
FN:164,(anonymous_5)
FN:171,resetHandler
FN:215,(anonymous_7)
FN:219,(anonymous_8)
FNF:9
FNH:5
FNDA:3,(anonymous_0)
FNDA:0,(anonymous_1)
FNDA:0,(anonymous_2)
FNDA:0,(anonymous_3)
FNDA:3,(anonymous_4)
FNDA:3,(anonymous_5)
FNDA:0,resetHandler
FNDA:6,(anonymous_7)
FNDA:1,(anonymous_8)
DA:5,3
DA:6,3
DA:7,3
DA:8,3
DA:9,3
DA:10,3
DA:12,3
DA:127,0
DA:128,0
DA:163,3
DA:164,3
DA:165,3
DA:166,0
DA:168,3
DA:172,0
DA:173,0
DA:177,3
DA:215,3
DA:216,6
DA:219,3
DA:225,1
LF:21
LH:16
BRDA:82,0,0,0
BRDA:82,0,1,3
BRDA:165,1,0,0
BRDA:165,1,1,3
BRDA:165,2,0,3
BRDA:165,2,1,3
BRDA:165,2,2,0
BRDA:172,3,0,0
BRDA:172,3,1,0
BRDA:186,4,0,3
BRDA:186,4,1,0
BRDA:221,5,0,0
BRDA:222,6,0,0
BRDA:223,7,0,1
BRDA:228,8,0,1
BRDA:228,8,1,0
BRDA:230,9,0,1
BRDA:230,9,1,0
BRDA:233,10,0,0
BRDA:233,10,1,1
BRF:20
BRH:9
end_of_record
TN:
SF:admin/components/Onboarding.js
FN:19,(anonymous_0)
FN:88,(anonymous_1)
FN:92,(anonymous_2)
FN:95,(anonymous_3)
FN:159,(anonymous_4)
FN:230,(anonymous_5)
FN:231,(anonymous_6)
FN:255,(anonymous_7)
FNF:8
FNH:5
FNDA:0,(anonymous_0)
FNDA:3,(anonymous_1)
FNDA:0,(anonymous_2)
FNDA:0,(anonymous_3)
FNDA:3,(anonymous_4)
FNDA:3,(anonymous_5)
FNDA:3,(anonymous_6)
FNDA:3,(anonymous_7)
DA:19,2
DA:20,0
DA:88,2
DA:89,3
DA:90,3
DA:91,3
DA:92,3
DA:93,0
DA:94,0
DA:95,0
DA:98,3
DA:159,2
DA:160,3
DA:162,0
DA:195,3
DA:230,2
DA:231,3
DA:232,3
DA:234,0
DA:237,3
DA:240,3
DA:255,2
DA:261,3
LF:23
LH:17
BRDA:160,0,0,0
BRDA:160,0,1,0
BRDA:160,0,2,3
BRDA:230,1,0,0
BRDA:232,2,0,0
BRDA:232,2,1,0
BRDA:232,2,2,3
BRDA:257,3,0,3
BRDA:259,4,0,0
BRDA:286,5,0,3
BRDA:286,5,1,0
BRF:11
BRH:4
end_of_record
TN:
SF:admin/components/RoleMultiSelect.js
FN:7,(anonymous_0)
FN:8,(anonymous_1)
FN:17,(anonymous_2)
FN:25,handleChange
FN:29,(anonymous_4)
FN:30,(anonymous_5)
FNF:6
FNH:3
FNDA:5,(anonymous_0)
FNDA:5,(anonymous_1)
FNDA:10,(anonymous_2)
FNDA:0,handleChange
FNDA:0,(anonymous_4)
FNDA:0,(anonymous_5)
DA:7,3
DA:8,5
DA:9,5
DA:11,5
DA:17,5
DA:18,10
DA:29,5
DA:30,0
DA:33,5
LF:9
LH:8
BRDA:7,0,0,0
BRDA:9,1,0,5
BRDA:9,1,1,5
BRDA:11,2,0,0
BRDA:11,2,1,5
BRDA:11,3,0,5
BRDA:11,3,1,5
BRDA:38,4,0,5
BRDA:38,4,1,0
BRF:9
BRH:6
end_of_record
TN:
SF:admin/components/Sections.js
FN:6,(anonymous_0)
FN:9,(anonymous_1)
FN:56,(anonymous_2)
FN:174,(anonymous_3)
FN:230,(anonymous_4)
FNF:5
FNH:0
FNDA:0,(anonymous_0)
FNDA:0,(anonymous_1)
FNDA:0,(anonymous_2)
FNDA:0,(anonymous_3)
FNDA:0,(anonymous_4)
DA:6,2
DA:9,0
DA:10,0
DA:11,0
DA:56,2
DA:57,0
DA:59,0
DA:175,0
DA:231,0
LF:9
LH:2
BRF:0
BRH:0
end_of_record
TN:
SF:admin/components/SettingSection.js
FN:1,(anonymous_0)
FNF:1
FNH:0
FNDA:0,(anonymous_0)
DA:1,2
DA:2,0
LF:2
LH:1
BRF:0
BRH:0
end_of_record
TN:
SF:admin/components/TestProvider.js
FN:12,(anonymous_0)
FN:17,(anonymous_1)
FN:25,(anonymous_2)
FNF:3
FNH:1
FNDA:0,(anonymous_0)
FNDA:0,(anonymous_1)
FNDA:9,(anonymous_2)
DA:3,6
DA:11,6
DA:13,0
DA:25,6
DA:31,9
LF:5
LH:4
BRDA:27,0,0,9
BRDA:28,1,0,6
BRDA:29,2,0,8
BRF:3
BRH:3
end_of_record
TN:
SF:admin/components/TrustedLoginLogo.js
FN:1,(anonymous_0)
FNF:1
FNH:1
FNDA:7,(anonymous_0)
DA:1,4
DA:2,7
LF:2
LH:2
BRF:0
BRH:0
end_of_record
TN:
SF:admin/components/TrustedLoginSettings.js
FN:16,TrustedLoginSettings
FN:19,(anonymous_1)
FN:31,(anonymous_2)
FN:42,(anonymous_3)
FNF:4
FNH:2
FNDA:6,TrustedLoginSettings
FNDA:6,(anonymous_1)
FNDA:0,(anonymous_2)
FNDA:0,(anonymous_3)
DA:17,6
DA:18,6
DA:19,6
DA:20,6
DA:24,6
DA:27,3
DA:29,0
DA:32,0
DA:33,0
DA:34,0
DA:39,3
DA:40,0
DA:43,0
DA:51,3
LF:14
LH:8
BRDA:20,0,0,6
BRDA:20,0,1,0
BRDA:20,1,0,6
BRDA:20,1,1,6
BRDA:24,2,0,3
BRDA:24,2,1,0
BRDA:24,2,2,3
BRDA:24,2,3,3
BRDA:39,3,0,0
BRDA:39,3,1,3
BRDA:54,4,0,3
BRDA:54,4,1,0
BRDA:54,5,0,3
BRDA:54,5,1,3
BRDA:59,6,0,0
BRDA:59,6,1,0
BRF:16
BRH:10
end_of_record
TN:
SF:admin/components/index.js
FN:4,(anonymous_0)
FN:27,(anonymous_1)
FN:33,(anonymous_2)
FN:44,(anonymous_3)
FN:57,(anonymous_4)
FNF:5
FNH:0
FNDA:0,(anonymous_0)
FNDA:0,(anonymous_1)
FNDA:0,(anonymous_2)
FNDA:0,(anonymous_3)
FNDA:0,(anonymous_4)
DA:4,2
DA:11,0
DA:23,2
DA:27,2
DA:33,0
DA:35,0
DA:36,0
DA:37,0
DA:39,0
DA:41,0
DA:44,0
DA:46,0
DA:47,0
DA:48,0
DA:50,0
DA:52,0
DA:55,0
DA:58,0
DA:59,0
LF:19
LH:3
BRDA:36,0,0,0
BRDA:36,0,1,0
BRDA:47,1,0,0
BRDA:47,1,1,0
BRF:4
BRH:0
end_of_record
TN:
SF:admin/components/integrations/ConfigureIntegration.js
FN:4,ConfigureHelscout
FN:5,(anonymous_1)
FN:123,ConfigureIntegration
FN:137,(anonymous_3)
FN:147,(anonymous_4)
FN:195,(anonymous_5)
FNF:6
FNH:3
FNDA:3,ConfigureHelscout
FNDA:3,(anonymous_1)
FNDA:3,ConfigureIntegration
FNDA:0,(anonymous_3)
FNDA:0,(anonymous_4)
FNDA:0,(anonymous_5)
DA:5,3
DA:6,3
DA:134,3
DA:137,0
DA:147,0
DA:195,0
LF:6
LH:3
BRF:0
BRH:0
end_of_record
TN:
SF:admin/components/integrations/Integration.js
FN:6,(anonymous_0)
FN:9,(anonymous_1)
FN:13,(anonymous_2)
FN:18,(anonymous_3)
FN:24,(anonymous_4)
FN:66,(anonymous_5)
FN:84,(anonymous_6)
FN:91,(anonymous_7)
FN:99,(anonymous_8)
FNF:9
FNH:6
FNDA:1,(anonymous_0)
FNDA:1,(anonymous_1)
FNDA:1,(anonymous_2)
FNDA:1,(anonymous_3)
FNDA:0,(anonymous_4)
FNDA:0,(anonymous_5)
FNDA:1,(anonymous_6)
FNDA:0,(anonymous_7)
FNDA:1,(anonymous_8)
DA:6,3
DA:7,1
DA:9,1
DA:10,1
DA:13,1
DA:14,1
DA:15,1
DA:18,1
DA:19,1
DA:20,1
DA:24,1
DA:25,0
DA:37,0
DA:39,0
DA:46,1
DA:66,0
DA:84,3
DA:85,1
DA:87,1
DA:91,0
DA:100,1
LF:21
LH:16
BRDA:10,0,0,1
BRDA:10,0,1,1
BRDA:14,1,0,0
BRDA:14,1,1,1
BRDA:19,2,0,0
BRDA:19,2,1,1
BRF:6
BRH:4
end_of_record
TN:
SF:admin/components/onboarding/Aside.js
FN:2,(anonymous_0)
FN:22,(anonymous_1)
FNF:2
FNH:2
FNDA:3,(anonymous_0)
FNDA:6,(anonymous_1)
DA:1,2
DA:3,3
DA:23,6
LF:3
LH:3
BRF:0
BRH:0
end_of_record
TN:
SF:admin/components/onboarding/Main.js
FN:3,(anonymous_0)
FN:11,(anonymous_1)
FN:22,(anonymous_2)
FN:27,(anonymous_3)
FN:56,(anonymous_4)
FNF:5
FNH:2
FNDA:0,(anonymous_0)
FNDA:0,(anonymous_1)
FNDA:3,(anonymous_2)
FNDA:0,(anonymous_3)
FNDA:3,(anonymous_4)
DA:1,2
DA:4,0
DA:12,0
DA:23,3
DA:28,0
DA:30,0
DA:38,0
DA:47,0
DA:57,3
LF:9
LH:3
BRDA:28,0,0,0
BRDA:28,0,1,0
BRDA:28,0,2,0
BRDA:28,0,3,0
BRDA:56,1,0,0
BRDA:59,2,0,0
BRDA:59,2,1,3
BRF:7
BRH:1
end_of_record
TN:
SF:admin/components/onboarding/fields.js
FN:1,(anonymous_0)
FN:7,(anonymous_1)
FN:13,(anonymous_2)
FN:26,(anonymous_3)
FNF:4
FNH:4
FNDA:15,(anonymous_0)
FNDA:6,(anonymous_1)
FNDA:3,(anonymous_2)
FNDA:9,(anonymous_3)
DA:1,2
DA:2,15
DA:7,2
DA:8,6
DA:13,2
DA:14,3
DA:26,2
DA:27,9
LF:8
LH:8
BRDA:26,0,0,9
BRDA:26,1,0,9
BRF:2
BRH:2
end_of_record
TN:
SF:admin/components/teams/AddTeam.js
FN:5,(anonymous_0)
FN:8,(anonymous_1)
FNF:2
FNH:1
FNDA:1,(anonymous_0)
FNDA:0,(anonymous_1)
DA:5,3
DA:6,1
DA:7,1
DA:8,1
DA:9,0
DA:10,0
DA:12,1
LF:7
LH:5
BRF:0
BRH:0
end_of_record
TN:
SF:admin/components/teams/EditTeam.js
FN:9,(anonymous_0)
FN:12,(anonymous_1)
FN:105,(anonymous_2)
FNF:3
FNH:1
FNDA:2,(anonymous_0)
FNDA:0,(anonymous_1)
FNDA:0,(anonymous_2)
DA:9,3
DA:10,2
DA:11,2
DA:12,2
DA:13,0
DA:14,0
DA:15,0
DA:17,2
DA:106,0
LF:9
LH:5
BRDA:9,0,0,1
BRDA:9,1,0,1
BRDA:88,2,0,2
BRDA:88,2,1,1
BRF:4
BRH:4
end_of_record
TN:
SF:admin/components/teams/NoTeams.js
FN:8,(anonymous_0)
FN:12,(anonymous_1)
FN:46,(anonymous_2)
FNF:3
FNH:2
FNDA:1,(anonymous_0)
FNDA:1,(anonymous_1)
FNDA:0,(anonymous_2)
DA:8,3
DA:9,1
DA:10,1
DA:13,1
DA:46,0
LF:5
LH:4
BRF:0
BRH:0
end_of_record
TN:
SF:admin/components/teams/TeamsList.js
FN:12,(anonymous_0)
FN:17,(anonymous_1)
FN:23,cancelDelete
FN:31,completeDelete
FN:32,(anonymous_4)
FN:40,startDelete
FN:45,goToAccesKey
FN:74,(anonymous_7)
FN:104,(anonymous_8)
FN:129,(anonymous_9)
FN:136,(anonymous_10)
FN:179,(anonymous_11)
FN:187,(anonymous_12)
FNF:13
FNH:4
FNDA:3,(anonymous_0)
FNDA:3,(anonymous_1)
FNDA:0,cancelDelete
FNDA:0,completeDelete
FNDA:0,(anonymous_4)
FNDA:0,startDelete
FNDA:0,goToAccesKey
FNDA:3,(anonymous_7)
FNDA:0,(anonymous_8)
FNDA:3,(anonymous_9)
FNDA:0,(anonymous_10)
FNDA:0,(anonymous_11)
FNDA:0,(anonymous_12)
DA:12,2
DA:13,3
DA:14,3
DA:15,3
DA:16,3
DA:17,3
DA:18,3
DA:24,0
DA:25,0
DA:32,0
DA:33,0
DA:41,0
DA:42,0
DA:46,0
DA:47,0
DA:50,3
DA:75,3
DA:104,0
DA:130,3
DA:136,0
DA:180,0
DA:181,0
DA:187,0
LF:23
LH:10
BRDA:52,0,0,0
BRDA:52,0,1,3
BRF:2
BRH:1
end_of_record
TN:
SF:admin/components/teams/TeamsSettings.js
FN:8,(anonymous_0)
FN:12,(anonymous_1)
FN:23,(anonymous_2)
FNF:3
FNH:2
FNDA:3,(anonymous_0)
FNDA:3,(anonymous_1)
FNDA:0,(anonymous_2)
DA:8,2
DA:9,3
DA:10,3
DA:12,3
DA:13,3
DA:14,0
DA:16,3
DA:19,3
DA:20,0
DA:24,0
DA:33,0
DA:39,3
DA:40,0
DA:43,3
LF:14
LH:9
BRDA:13,0,0,0
BRDA:13,0,1,3
BRDA:19,1,0,0
BRDA:19,1,1,3
BRDA:27,2,0,0
BRDA:27,2,1,0
BRDA:39,3,0,0
BRDA:39,3,1,3
BRF:8
BRH:3
end_of_record
TN:
SF:admin/components/teams/collectTeam.js
FN:3,collectTeam
FNF:1
FNH:0
FNDA:0,collectTeam
DA:4,0
DA:5,0
DA:6,0
DA:7,0
DA:9,0
DA:10,0
DA:11,0
DA:13,0
DA:15,0
LF:9
LH:0
BRDA:10,0,0,0
BRDA:10,0,1,0
BRF:2
BRH:0
end_of_record
TN:
SF:admin/components/teams/fields.js
FN:3,(anonymous_0)
FN:12,(anonymous_1)
FN:20,(anonymous_2)
FN:40,(anonymous_3)
FNF:4
FNH:4
FNDA:4,(anonymous_0)
FNDA:7,(anonymous_1)
FNDA:6,(anonymous_2)
FNDA:2,(anonymous_3)
DA:3,4
DA:4,4
DA:12,4
DA:13,7
DA:20,4
DA:27,6
DA:40,4
DA:41,2
LF:8
LH:8
BRDA:24,0,0,0
BRDA:25,1,0,3
BRF:2
BRH:1
end_of_record
TN:
SF:admin/components/teams/teamFields.js
FNF:0
FNH:0
DA:3,3
LF:1
LH:1
BRF:0
BRH:0
end_of_record
TN:
SF:admin/hooks/useSettings.js
FN:24,(anonymous_0)
FN:26,(anonymous_1)
FN:30,(anonymous_2)
FN:31,(anonymous_3)
FN:43,(anonymous_4)
FN:55,(anonymous_5)
FN:67,(anonymous_6)
FN:68,(anonymous_7)
FN:72,(anonymous_8)
FN:74,(anonymous_9)
FN:86,(anonymous_10)
FN:94,(anonymous_11)
FN:95,(anonymous_12)
FN:115,(anonymous_13)
FN:123,(anonymous_14)
FN:131,(anonymous_15)
FN:133,(anonymous_16)
FN:140,(anonymous_17)
FN:141,(anonymous_18)
FN:145,(anonymous_19)
FN:150,(anonymous_20)
FN:153,(anonymous_21)
FN:161,(anonymous_22)
FN:167,(anonymous_23)
FN:173,(anonymous_24)
FN:183,(anonymous_25)
FN:203,SettingsProvider
FN:210,(anonymous_27)
FN:230,(anonymous_28)
FN:238,(anonymous_29)
FNF:30
FNH:5
FNDA:31,(anonymous_0)
FNDA:0,(anonymous_1)
FNDA:0,(anonymous_2)
FNDA:0,(anonymous_3)
FNDA:0,(anonymous_4)
FNDA:0,(anonymous_5)
FNDA:0,(anonymous_6)
FNDA:0,(anonymous_7)
FNDA:0,(anonymous_8)
FNDA:0,(anonymous_9)
FNDA:0,(anonymous_10)
FNDA:0,(anonymous_11)
FNDA:0,(anonymous_12)
FNDA:0,(anonymous_13)
FNDA:0,(anonymous_14)
FNDA:0,(anonymous_15)
FNDA:0,(anonymous_16)
FNDA:0,(anonymous_17)
FNDA:0,(anonymous_18)
FNDA:31,(anonymous_19)
FNDA:0,(anonymous_20)
FNDA:0,(anonymous_21)
FNDA:0,(anonymous_22)
FNDA:0,(anonymous_23)
FNDA:0,(anonymous_24)
FNDA:0,(anonymous_25)
FNDA:14,SettingsProvider
FNDA:14,(anonymous_27)
FNDA:12,(anonymous_28)
FNDA:0,(anonymous_29)
DA:3,6
DA:12,6
DA:19,6
DA:24,6
DA:26,31
DA:28,31
DA:30,31
DA:31,0
DA:32,0
DA:37,0
DA:43,31
DA:44,0
DA:45,0
DA:47,0
DA:48,0
DA:49,0
DA:50,0
DA:52,0
DA:55,0
DA:57,0
DA:58,0
DA:59,0
DA:67,31
DA:68,0
DA:69,0
DA:72,0
DA:75,0
DA:76,0
DA:77,0
DA:82,0
DA:83,0
DA:87,0
DA:94,31
DA:95,0
DA:96,0
DA:97,0
DA:99,0
DA:102,0
DA:103,0
DA:107,0
DA:110,0
DA:116,0
DA:117,0
DA:124,0
DA:131,31
DA:132,0
DA:133,0
DA:140,31
DA:141,0
DA:145,31
DA:146,31
DA:150,31
DA:151,0
DA:154,0
DA:155,0
DA:162,0
DA:167,31
DA:171,0
DA:174,0
DA:175,0
DA:177,0
DA:184,0
DA:188,31
DA:210,14
DA:214,14
DA:215,14
DA:216,14
DA:217,14
DA:219,14
DA:220,0
DA:223,14
DA:225,0
DA:230,14
DA:233,12
DA:234,12
DA:238,0
DA:239,0
DA:247,14
LF:78
LH:28
BRDA:43,0,0,0
BRDA:43,1,0,0
BRDA:47,2,0,0
BRDA:47,2,1,0
BRDA:49,3,0,0
BRDA:49,3,1,0
BRDA:58,4,0,0
BRDA:58,4,1,0
BRDA:67,5,0,0
BRDA:82,6,0,0
BRDA:82,6,1,0
BRDA:94,7,0,0
BRDA:96,8,0,0
BRDA:96,8,1,0
BRDA:102,9,0,0
BRDA:102,9,1,0
BRDA:169,10,0,0
BRDA:174,11,0,0
BRDA:174,11,1,0
BRDA:207,12,0,0
BRDA:208,13,0,10
BRDA:214,14,0,14
BRDA:214,14,1,0
BRDA:214,15,0,14
BRDA:214,15,1,0
BRDA:216,16,0,14
BRDA:216,16,1,0
BRDA:219,17,0,0
BRDA:219,17,1,14
BRDA:233,18,0,12
BRDA:233,18,1,0
BRDA:233,19,0,12
BRDA:233,19,1,0
BRF:33
BRH:7
end_of_record
TN:
SF:admin/hooks/useView.js
FN:6,(anonymous_0)
FN:11,ViewProvider
FN:15,(anonymous_2)
FN:29,(anonymous_3)
FNF:4
FNH:4
FNDA:22,(anonymous_0)
FNDA:13,ViewProvider
FNDA:13,(anonymous_2)
FNDA:11,(anonymous_3)
DA:4,6
DA:6,6
DA:7,22
DA:8,22
DA:12,13
DA:15,13
DA:16,13
DA:17,0
DA:19,13
DA:25,13
DA:29,13
DA:30,11
DA:31,11
DA:34,13
LF:14
LH:13
BRDA:11,0,0,13
BRDA:16,1,0,0
BRDA:16,1,1,13
BRDA:19,2,0,10
BRDA:19,2,1,3
BRDA:30,3,0,11
BRDA:30,3,1,0
BRF:7
BRH:5
end_of_record
TN:
SF:admin/trustedlogin-settings/App.js
FN:7,App
FN:14,(anonymous_1)
FNF:2
FNH:2
FNDA:2,App
FNDA:2,(anonymous_1)
DA:14,2
DA:15,2
DA:22,2
LF:3
LH:3
BRDA:11,0,0,0
BRDA:12,1,0,2
BRF:2
BRH:1
end_of_record
